# Bundle file v0.3
23 456
8.0068884447e+002 -1.7995080446e-003 1.2248551089e-002
9.4501036334e-001 -7.6562398189e-002 -3.1795221710e-001
1.6029386757e-001 9.5585854541e-001 2.4625254756e-001
2.8506365815e-001 -2.8367700002e-001 9.1556871422e-001
-2.8482954389e-001 2.6769785101e-001 5.7784951013e-001
8.1197487285e+002 4.0462500695e-002 -2.3519340589e-002
6.8377158319e-001 3.6562141209e-001 -6.3148824617e-001
-1.4799171879e-001 9.1691302246e-001 3.7063318850e-001
7.1453122619e-001 -1.5997341114e-001 6.8106801021e-001
-4.9581875651e-001 3.6978941470e-001 3.7163011245e-001
8.1191823537e+002 2.0134351282e-002 -1.6353299838e-002
8.8899545598e-001 8.3227015022e-002 -4.5028917732e-001
2.7226560760e-002 9.7199782015e-001 2.3340726642e-001
4.5710588886e-001 -2.1975782489e-001 8.6183565996e-001
-3.7350067083e-001 2.5607471253e-001 5.0846734646e-001
0 0 0
0 0 0
0 0 0
0 0 0
0 0 0
0 0 0
0 0 0
0 0 0
0 0 0
0 0 0
0 0 0
0 0 0
0 0 0
0 0 0
0 0 0
0 0 0
0 0 0
0 0 0
0 0 0
0 0 0
0 0 0
0 0 0
0 0 0
0 0 0
0 0 0
0 0 0
0 0 0
0 0 0
0 0 0
0 0 0
0 0 0
0 0 0
0 0 0
0 0 0
0 0 0
0 0 0
0 0 0
0 0 0
0 0 0
0 0 0
0 0 0
0 0 0
0 0 0
0 0 0
0 0 0
0 0 0
0 0 0
0 0 0
0 0 0
0 0 0
0 0 0
0 0 0
0 0 0
0 0 0
0 0 0
0 0 0
0 0 0
0 0 0
0 0 0
0 0 0
0 0 0
0 0 0
0 0 0
0 0 0
0 0 0
0 0 0
0 0 0
0 0 0
0 0 0
0 0 0
8.0103995102e+002 -2.8433532120e-002 4.6840693512e-002
9.7204406935e-001 -1.5857647246e-001 -1.7315839462e-001
1.9654905778e-001 9.5298746178e-001 2.3061518937e-001
1.2844763575e-001 -2.5820224644e-001 9.5751386664e-001
-1.6233316774e-001 2.3859656654e-001 6.2256988632e-001
0 0 0
0 0 0
0 0 0
0 0 0
0 0 0
0 0 0
0 0 0
0 0 0
0 0 0
0 0 0
7.9079323485e+002 -1.8698171661e-003 1.4641893891e-003
8.8882858120e-001 9.4427721038e-002 -4.4840512791e-001
9.0056270768e-002 9.2345981799e-001 3.7297698677e-001
4.4930348466e-001 -3.7189429958e-001 8.1229367141e-001
-3.8942083365e-001 3.5597557984e-001 5.0637973564e-001
0 0 0
0 0 0
0 0 0
0 0 0
0 0 0
0 0 0
0 0 0
0 0 0
0 0 0
0 0 0
-2.2232013524e-002 1.9996411638e-001 -1.0188730062e+000
39 43 46
2 0 31 5.6000 392.5574 20 87 129.4920 308.1080
-1.5396075106e-002 1.8073245060e-001 -1.0067936872e+000
33 33 33
2 0 42 13.8720 381.1466 20 96 134.0580 299.0600
-2.6341775044e-002 1.8046586966e-001 -1.0037763476e+000
35 37 36
3 0 44 -8.8770 378.2481 20 99 110.7330 297.2210 2 43 139.9570 392.1678
-3.4491727760e-002 1.8115742690e-001 -1.0058744251e+000
77 78 82
2 0 56 -22.8150 371.1758 20 107 96.6550 291.7140
-3.4491727760e-002 1.8115742690e-001 -1.0058744251e+000
77 78 82
2 0 57 -22.8150 371.1758 20 108 96.6550 291.7140
-1.7116950122e-002 1.7800382738e-001 -1.0128578626e+000
19 20 23
3 0 62 15.0360 367.5262 20 116 133.9610 285.1250 2 65 162.8980 381.2517
1.5285040852e-001 1.0215529527e-001 -1.0847140570e+000
68 70 57
2 0 152 393.3390 245.5720 20 1541 556.9800 136.5590
1.3672119761e-001 1.0942291495e-001 -1.1281252399e+000
156 159 150
2 0 236 348.7840 208.7010 20 366 504.1200 98.4600
-5.8542089456e-002 7.4260760665e-002 -9.8784024950e-001
74 73 53
2 0 284 -69.7750 188.9910 20 1576 19.2290 114.9320
8.0581789976e-002 -4.6351380350e-003 -9.5084246770e-001
184 185 139
3 0 397 280.4490 125.4610 20 1749 374.4510 14.8060 2 476 375.9260 94.9850
4.6384109314e-002 -3.6586847474e-002 -9.2507126572e-001
103 104 109
2 0 525 182.4130 40.1660 20 1901 237.0930 -69.9680
3.2307891764e-002 -3.7541529088e-002 -9.2713466665e-001
208 209 213
2 0 548 138.1930 27.8780 20 743 186.5080 -78.3880
8.1418231406e-002 -4.6546162545e-002 -9.4104065086e-001
212 213 217
2 0 576 307.0810 14.9760 20 2042 389.2510 -119.0350
-2.3021262870e-002 1.8003420345e-001 -1.0060408066e+000
39 41 40
2 0 1155 -0.9550 376.4420 20 2503 118.5670 295.0230
-2.1104532210e-002 1.7694758112e-001 -1.0055283646e+000
78 79 81
3 0 1161 2.6490 373.0356 20 1373 122.0390 291.9230 1 2804 437.3199 375.2027
-2.1484335230e-002 1.7787860254e-001 -1.0063979832e+000
78 79 81
5 0 1162 2.6490 373.0356 20 1374 122.0390 291.9230 2 2730 150.7910 386.7329 1 2805 437.3199 375.2027 17 2373 -76.3400 352.4118
-3.2492711301e-002 1.7927489636e-001 -1.0050006167e+000
23 24 28
4 0 1163 -19.4970 371.0259 20 1375 99.7890 290.6630 2 1468 128.6610 385.6062 1 2803 411.0100 375.3675
-2.0984890597e-002 1.7613262860e-001 -1.0142898935e+000
83 85 84
3 0 1179 8.4050 359.8113 20 1387 127.8580 279.2720 2 1480 155.9550 373.9093
-3.4218804567e-002 1.8248430893e-001 -1.0232734764e+000
35 37 34
3 0 1193 -11.6660 351.9640 20 131 109.2500 270.4870 17 1273 -92.1180 331.4110
1.3977843633e-001 1.5149231613e-001 -1.1016107337e+000
176 178 164
2 0 1223 343.3540 302.2190 20 1457 502.9500 201.8650
1.7093834183e-001 1.2175468165e-001 -1.1128686629e+000
69 81 65
2 0 1266 415.3500 257.8220 20 2635 589.4700 148.5710
1.1602586773e-001 1.3338219624e-001 -1.1373619081e+000
72 66 50
2 0 1308 301.3960 228.5320 20 1561 450.1100 124.6810
1.6893007141e-001 1.0463208904e-001 -1.1334017942e+000
81 76 60
2 0 1349 412.3900 209.8310 20 2729 584.1000 94.5850
7.1482940967e-002 8.9425051317e-002 -1.0650483208e+000
177 179 171
3 0 1366 228.4560 203.5370 20 2707 351.9550 104.4450 2 4057 363.4410 198.8760
9.8426912404e-002 9.1815423046e-002 -1.0837640092e+000
130 124 105
2 0 1368 282.9820 202.6260 20 2724 418.5900 98.6310
-5.8937835320e-002 7.2937121323e-002 -9.9806751821e-001
119 119 107
2 0 1410 -61.6880 175.9990 20 1603 27.8890 101.2970
7.2755237216e-002 3.4668061214e-003 -9.4941434283e-001
149 145 136
2 0 1477 252.0780 144.0490 20 1696 343.0460 39.3410
8.5650863669e-002 -7.5810598393e-003 -9.5027841532e-001
197 179 84
4 0 1513 297.8940 121.2720 20 2843 395.0320 7.9300 2 3067 392.8200 88.0280 17 2671 252.3460 84.7250
1.1988614204e-001 -3.0846606279e-002 -9.7387203473e-001
149 153 156
3 0 1655 415.2900 52.0900 20 2980 543.7400 -90.0180 17 1740 355.7410 22.8960
8.2534615186e-002 -4.7531269778e-002 -9.3879998063e-001
217 220 224
2 0 1721 311.8650 14.0380 20 3039 394.0020 -120.1730
-3.1739258194e-002 1.8317180106e-001 -1.0016250653e+000
86 88 85
5 0 2409 -20.9370 381.8543 20 2498 99.0720 301.7130 2 2721 128.3190 396.8551 1 4037 413.2800 388.7443 17 3390 -100.1530 362.5138
-3.1933842788e-002 1.8179489510e-001 -1.0035500848e+000
25 27 26
5 0 2414 -18.9820 377.6906 20 1367 100.1910 296.5950 2 1456 129.2530 392.2385 1 2794 412.6900 382.9862 17 2370 -99.8120 356.5347
-1.9316683212e-002 1.7839471442e-001 -1.0059558259e+000
23 25 25
5 0 2417 6.4160 375.9823 20 2505 126.0550 294.4030 2 1461 154.6440 389.6039 1 2801 442.8400 378.1968 17 1237 -72.3520 354.1862
-1.7173744726e-002 1.7680486918e-001 -1.0066889943e+000
78 82 81
5 0 2419 11.1920 373.2414 20 3506 130.6530 292.6130 2 3893 159.1870 386.7068 1 4045 447.6600 374.6157 17 3396 -67.4420 351.7764
-1.9589252661e-002 1.7644475698e-001 -1.0076415823e+000
16 19 21
5 0 2422 7.3420 369.9230 20 3511 126.0760 290.0510 2 3894 155.0110 383.6040 1 4047 442.2000 370.8509 17 2378 -71.6840 348.6580
-1.9574602463e-002 1.7647687233e-001 -1.0075435987e+000
16 19 21
4 0 2423 7.3420 369.9230 20 3512 126.0760 290.0510 2 3895 155.0110 383.6040 17 2379 -71.6840 348.6580
-1.9701001889e-002 1.7745846853e-001 -1.0130030486e+000
79 80 82
5 0 2430 10.2180 364.9041 20 3515 127.6630 282.7550 2 68 159.5270 379.1657 1 1400 445.7800 365.8753 17 3403 -69.0690 342.0860
1.6797306882e-001 1.2919887715e-001 -1.1116916702e+000
102 99 85
2 0 2507 406.5500 269.8480 20 3626 579.1500 162.2090
7.6909992043e-002 1.7195659547e-001 -1.1528685040e+000
19 20 16
2 0 2527 224.2120 255.1740 20 1496 364.8710 157.3310
1.4061196180e-001 9.9354215567e-002 -1.0836654982e+000
138 141 122
2 0 2560 368.2280 235.0760 20 3669 524.9100 128.2360
-1.8839392386e-002 8.4647588541e-002 -1.0092943109e+000
24 24 24
3 0 2588 25.4990 206.7600 20 2677 121.9320 125.1560 2 2890 148.5930 214.3370
9.0654389240e-002 9.6837643470e-002 -1.0867760962e+000
100 101 85
4 0 2589 267.1410 204.8700 20 2711 399.6870 102.3580 2 4058 407.4200 197.9080 17 2551 181.9480 182.0680
2.4319641811e-002 8.7042099240e-002 -1.0407207921e+000
66 56 50
3 0 2604 131.3290 200.4070 20 3682 232.6920 110.2320 17 3572 54.5670 176.4180
4.6130360209e-002 8.3890620530e-002 -1.0499672152e+000
84 75 63
2 0 2610 175.0690 196.3980 20 2713 288.6040 101.9140
2.2509547408e-002 8.1946802285e-002 -1.0398894331e+000
93 80 72
2 0 2618 124.4800 191.5840 20 2714 230.5960 100.9530
8.5403301076e-002 -1.3120335002e-002 -9.5173534147e-001
194 194 106
4 0 2741 300.0050 104.1580 20 2867 396.4010 -12.0360 2 3089 392.2040 70.9190 17 2705 254.9400 67.8800
6.4117228036e-002 -9.7585938196e-003 -9.6046643308e-001
161 151 68
5 0 2761 233.6680 91.9990 20 2877 318.9990 -18.4400 2 3094 325.6910 68.3010 1 3340 527.8400 -16.1920 17 2730 189.4990 57.2210
7.6808581387e-002 -1.8212703268e-002 -9.5890867822e-001
145 150 89
2 0 2777 275.8040 77.1390 20 3818 366.1230 -39.1860
-3.3572594393e-002 1.7873616897e-001 -1.0073085043e+000
78 79 81
3 0 3503 -19.1980 365.9382 20 2514 99.4850 286.0860 2 2739 127.1650 381.5455
-2.0762089205e-002 1.7607180995e-001 -1.0117475495e+000
78 80 80
4 0 3505 8.1210 363.4343 20 4288 125.9140 281.9860 2 4763 154.4560 376.5182 1 5562 441.8600 364.7554
-1.9219841647e-002 1.7146315076e-001 -1.0068645629e+000
78 80 80
2 0 3506 8.1210 363.4343 20 4289 125.9140 281.9860
1.6187060623e-001 3.3039279359e-001 -1.4217777910e+000
57 60 43
3 0 3599 306.4760 269.0590 20 3622 478.5400 164.3810 17 3485 187.6100 256.1210
1.6187060623e-001 3.3039279359e-001 -1.4217777910e+000
57 60 43
3 0 3600 306.4760 269.0590 20 3623 478.5400 164.3810 17 3486 187.6100 256.1210
1.6999358917e-001 1.3218307446e-001 -1.1221868636e+000
222 224 217
3 0 3610 406.8100 264.7010 20 4349 579.7900 156.3360 2 4841 585.6100 253.7710
1.5978670607e-001 3.3144052507e-001 -1.4330819938e+000
168 170 155
3 0 3611 303.3340 263.2880 20 3632 475.4100 158.2670 17 3491 184.7830 250.1260
1.0194013521e-001 2.7158999401e-001 -1.3418403989e+000
80 65 51
2 0 3635 249.1300 244.5950 20 3646 406.5000 142.6880
-4.5009172424e-003 1.6490410736e-001 -1.1327370313e+000
89 88 84
2 0 3659 92.2210 229.5710 20 3647 215.6020 141.7680
1.3612489253e-001 9.8097436745e-002 -1.0895224509e+000
157 163 136
2 0 3669 358.0550 224.7180 20 4873 512.2700 117.6980
8.8128839246e-002 9.2216800191e-002 -1.0755545995e+000
91 91 81
2 0 3696 261.7840 206.3460 20 3687 392.8450 104.5940
1.4593181500e-001 1.1302850329e-001 -1.1454858781e+000
134 144 134
2 0 3702 362.1990 203.1120 20 3698 522.1000 91.3430
8.8421035566e-002 8.4024292860e-002 -1.0675930562e+000
29 30 33
2 0 3705 264.8920 199.8830 20 4406 394.4140 97.0030
-4.2145094875e-002 6.4295617527e-002 -9.7909959059e-001
125 121 109
2 0 3721 -41.9450 186.1840 20 2695 43.4620 110.8910
8.0164122798e-002 -4.1408775487e-003 -9.5224256083e-001
211 212 136
3 0 3795 278.9910 125.0030 20 3764 373.3410 14.5430 17 3659 233.2220 88.3370
8.6562471338e-002 -1.8910680964e-002 -9.4612665556e-001
80 104 152
2 0 3841 307.6350 93.9340 20 2882 402.0500 -23.5250
6.6120049482e-002 -1.2417376602e-002 -9.6004862150e-001
182 164 89
3 0 3845 240.8460 86.1470 20 3805 326.4450 -25.1830 2 1914 331.5090 61.9030
6.0567486808e-002 -1.3283579886e-002 -9.6378840656e-001
192 192 190
5 0 3854 225.5630 77.0420 20 4949 308.3870 -33.3430 2 4979 315.9440 55.4600 1 5738 512.9500 -29.0690 17 4427 181.4870 42.8450
1.4344061189e-001 3.4265731043e-001 -1.4550465741e+000
20 22 13
2 0 4473 283.6260 256.6260 20 4356 452.6500 152.8040
1.6048429972e-001 1.0975126319e-001 -1.0899749306e+000
61 61 59
2 0 4474 405.1600 256.8660 20 4854 573.5200 148.2070
1.5234315093e-001 1.0388637826e-001 -1.0854609909e+000
66 67 58
2 0 4477 391.3280 247.7680 20 4860 554.6700 138.6820
1.2703691610e-001 1.3165658080e-001 -1.1399018587e+000
135 130 110
2 0 4494 321.7390 228.5460 20 4392 474.6000 122.5570
1.4325965975e-001 1.0774678673e-001 -1.1172025197e+000
63 65 52
2 0 4500 363.9530 218.6380 20 4882 522.3199 108.1930
1.5337369546e-001 1.0883800912e-001 -1.1261821304e+000
81 81 80
2 0 4502 381.7460 216.6110 20 4403 545.2700 104.3810
1.5337369546e-001 1.0883800912e-001 -1.1261821304e+000
81 81 80
2 0 4503 381.7460 216.6110 20 4404 545.2700 104.3810
1.1770805450e-001 1.2038494947e-001 -1.1358307870e+000
96 82 58
3 0 4506 308.4690 211.1680 20 4402 456.9900 104.9620 17 4287 215.3300 189.8160
-7.1159366085e-002 7.7532506239e-002 -9.7367001995e-001
130 130 122
3 0 4517 -109.2860 204.2110 20 4383 -19.3200 132.5080 1 5026 226.7580 208.3400
6.7392142516e-002 8.5978134201e-002 -1.0716989373e+000
89 81 69
2 0 4528 221.5010 189.7290 20 4887 343.8840 90.0750
1.4508761595e-001 7.6217339655e-002 -1.1078435910e+000
82 66 50
2 0 4549 381.9170 175.2290 20 4911 539.5300 57.8260
8.0962647948e-002 -3.0014831014e-003 -9.4989381265e-001
31 27 37
4 0 4587 280.7490 131.1380 20 4450 375.6140 21.4020 2 4169 376.5150 100.4550 17 4383 235.6460 94.7730
8.3861256248e-002 -6.3815037228e-003 -9.5117092203e-001
207 206 118
4 0 4593 291.5030 122.2750 20 4456 387.9980 10.2620 2 4950 386.7310 90.2990 17 4391 245.9370 85.7000
8.0337455828e-002 -1.0157963220e-002 -9.5041072981e-001
223 209 106
4 0 4602 282.2700 110.4760 20 4939 375.4170 -2.3350 2 4965 375.0050 79.5340 17 4402 238.6960 74.5920
8.6174984362e-002 -1.5832384193e-002 -9.4869096114e-001
62 87 124
2 0 4611 304.3080 100.2210 20 3798 399.7660 -17.0110
7.9165554566e-002 -1.2994103965e-002 -9.5409702213e-001
211 196 102
4 0 4612 280.6490 98.6100 20 4943 372.3610 -16.7160 2 4972 371.3270 67.6160 1 5735 585.7700 -27.9640
7.5689245498e-002 -1.7552624785e-002 -9.5636124826e-001
174 165 72
4 0 4624 272.0180 80.5050 20 4950 361.1330 -34.2790 2 4980 361.2720 54.0480 17 3702 228.3460 44.9570
7.5689971811e-002 -1.7530794141e-002 -9.5650907358e-001
174 165 72
2 0 4625 272.0180 80.5050 20 4951 361.1330 -34.2790
4.2120353051e-002 -2.0552331371e-002 -9.4677785565e-001
216 217 221
4 0 4645 170.1870 63.9350 20 4955 236.7560 -41.4180 2 5603 253.3580 46.6360 17 4982 134.1500 26.3060
1.1120235460e-001 -2.8773616910e-002 -9.6987822043e-001
201 204 210
2 0 4649 387.6840 56.8450 20 4980 506.8900 -79.9320
5.8020288090e-002 -3.4131475822e-002 -9.4225808877e-001
151 152 154
3 0 4661 223.8490 38.0710 20 4976 291.8110 -77.7790 1 6105 464.9000 -71.3290
5.8142343270e-002 -3.4705852816e-002 -9.4029603032e-001
151 152 154
2 0 4662 223.8490 38.0710 20 4977 291.8110 -77.7790
7.1450677192e-002 -3.6520597589e-002 -9.4646992599e-001
128 128 130
4 0 4665 268.2280 35.0710 20 4988 346.5320 -88.4520 2 5623 345.5050 4.6130 1 6117 522.8500 -95.8040
7.1450677192e-002 -3.6520597589e-002 -9.4646992599e-001
128 128 130
4 0 4666 268.2280 35.0710 20 4989 346.5320 -88.4520 2 5624 345.5050 4.6130 1 6118 522.8500 -95.8040
7.6015809293e-002 -3.7389827572e-002 -9.4806126697e-001
120 121 125
5 0 4667 283.5200 33.8200 20 4991 365.2740 -92.3330 2 4265 361.7680 0.6860 1 5776 543.3500 -104.9380 17 5000 245.2380 -1.9560
7.6010459613e-002 -3.7531381299e-002 -9.4699735907e-001
120 121 125
2 0 4668 283.5200 33.8200 20 4992 365.2740 -92.3330
8.9880723392e-002 -6.9009782560e-002 -9.2026739134e-001
115 94 65
2 0 4710 357.4300 -38.1400 20 5032 436.0601 -193.7150
1.1032571519e-001 -7.6212973253e-002 -9.2503693639e-001
131 115 82
2 0 4731 442.6200 -56.2400 20 5388 549.7500 -234.3310
-2.8282407202e-002 1.8418914683e-001 -1.0028867708e+000
84 86 81
5 0 5048 -14.9250 384.1587 20 5215 107.3530 303.6730 2 5919 136.9060 398.8227 1 6282 422.6300 389.9788 17 5223 -92.9090 364.0285
-3.2051677271e-002 1.8219689541e-001 -1.0144047369e+000
82 83 85
3 0 5056 -14.2460 364.3526 20 5221 107.8240 282.2170 17 5232 -92.4980 342.8740
-2.1920907420e-002 1.7519774156e-001 -1.0109794220e+000
79 81 80
2 0 5057 4.9190 362.3233 20 4801 123.6450 281.3570
2.7597777577e-002 1.2879660514e-001 -1.0898733311e+000
112 111 107
3 0 5108 136.8300 229.4610 20 4861 261.1280 134.9150 2 5471 278.2990 230.0120
1.2930380635e-001 1.0703665038e-001 -1.1260051633e+000
118 112 85
3 0 5127 336.3840 203.3800 20 5291 487.3300 94.9320 17 5283 241.3920 181.2190
2.9461607906e-002 -2.8923133953e-002 -9.3351760851e-001
94 95 99
4 0 5216 128.8740 46.0430 20 5343 183.0190 -56.6230 2 5608 208.0800 31.9370 1 6077 353.6660 -24.2400
6.2009596380e-002 -3.4984969323e-002 -9.4294771578e-001
124 126 125
5 0 5221 236.8440 37.1680 20 4982 307.5950 -80.8840 2 5620 313.5640 11.1750 1 6110 481.0800 -78.3580 17 4997 202.9290 0.0490
6.7638356223e-002 -4.1039383680e-002 -9.2702051049e-001
184 184 186
2 0 5225 256.9470 36.0380 20 5352 324.4810 -84.2880
6.7638356223e-002 -4.1039383680e-002 -9.2702051049e-001
184 184 186
2 0 5226 256.9470 36.0380 20 5353 324.4810 -84.2880
4.0400551057e-002 -4.1614930432e-002 -9.2513705039e-001
142 143 145
3 0 5231 164.0390 21.3740 20 5354 214.9600 -89.4940 17 5338 142.0560 -20.6690
1.0625608431e-001 -9.1515345365e-002 -9.0534579502e-001
93 76 56
3 0 5282 454.8300 -105.6630 20 5404 549.2000 -303.3960 17 5053 432.0699 -141.5720
7.1843208537e-002 1.0256610557e-001 -1.0692102519e+000
80 70 58
2 0 5538 225.0970 223.0410 20 5272 351.3010 125.0670
1.3561946509e-001 1.1586821465e-001 -1.1350282187e+000
171 179 170
3 0 5543 343.2500 212.5150 20 5288 498.8800 102.8040 17 5282 247.3670 190.6790
7.2721936290e-002 1.7208922092e-003 -9.5408874078e-001
240 230 145
2 0 5582 253.2370 133.5220 20 5522 344.8280 27.8820
6.3923661425e-002 -1.1075062390e-002 -9.6535011312e-001
48 47 46
4 0 5597 234.4740 83.4510 20 5530 320.4330 -27.9250 2 6011 326.3610 60.6160 17 5320 189.1180 49.7640
8.0808887868e-002 -1.9955718489e-002 -9.6443839819e-001
18 33 54
3 0 5602 288.6860 69.8700 20 5341 382.7420 -50.4690 2 5605 379.3060 39.7200
3.3165902871e-002 -3.5241203744e-002 -9.2804124290e-001
203 204 208
4 0 5610 140.8430 34.4500 20 5538 189.9000 -70.8640 2 6242 214.6490 18.3350 1 6495 354.1110 -40.6250
3.3165902871e-002 -3.5241203744e-002 -9.2804124290e-001
203 204 208
4 0 5611 140.8430 34.4500 20 5539 189.9000 -70.8640 2 6243 214.6490 18.3350 1 6496 354.1110 -40.6250
1.0208830552e-001 -4.8442002599e-002 -9.4826210302e-001
208 212 215
3 0 5618 377.0620 13.9410 20 5552 482.3300 -131.7280 17 5336 334.6910 -18.8270
1.5091997878e-001 1.1367837081e-001 -1.0940779584e+000
169 171 150
2 0 5813 382.0790 254.7090 20 5492 544.9399 146.9270
1.5297961559e-001 1.0512028168e-001 -1.1059259540e+000
164 169 147
2 0 5816 386.9610 228.5040 20 5645 550.6000 119.0600
6.0761068353e-002 1.0194394129e-001 -1.0706978907e+000
16 17 15
3 0 5819 204.0850 215.2390 20 5281 325.6020 118.0920 2 6209 341.1590 213.7810
1.5538593465e-001 9.3506163632e-002 -1.1141136347e+000
188 195 187
3 0 5820 394.1580 203.3300 20 5504 558.9301 89.1310 2 6384 558.3300 184.8200
8.1703827247e-002 -1.5978917869e-002 -9.5656681065e-001
201 179 93
4 0 5837 289.8930 85.6680 20 5721 383.6700 -25.8510 2 6400 380.8380 59.6900 17 5531 244.6500 52.0840
-1.8038992463e-002 1.7499475968e-001 -1.0055768624e+000
73 79 77
4 0 5931 9.5400 371.4933 20 5698 128.0870 290.3570 2 6459 155.8910 384.6969 17 5682 -69.0500 349.5094
1.4683634438e-001 1.0288749876e-001 -1.1271895073e+000
165 175 167
3 0 6025 370.1080 203.3870 20 5706 531.0900 91.4930 2 6503 533.5000 188.2270
-3.2375673451e-002 1.2945090486e-001 -1.0495125850e+000
66 68 65
4 0 6095 16.4030 236.8250 20 5796 125.0170 157.5430 2 6531 149.4330 252.7000 17 5768 -62.0320 216.7020
8.3580647037e-002 -3.4067185363e-002 -9.5659487569e-001
207 210 215
2 0 6108 305.3350 40.0860 20 5827 396.6050 -89.4590
-3.1170687404e-002 1.8068301871e-001 -1.0046968824e+000
70 71 73
4 0 50 -17.2220 374.5852 2 50 131.4060 388.7992 1 1386 414.8600 379.5000 17 74 -96.9390 353.7058
8.9861532944e-002 8.6612231912e-002 -1.0762261679e+000
100 98 90
2 0 263 267.2650 196.6670 2 316 407.1500 188.0470
3.0964195233e-002 3.9356195110e-003 -9.6571030738e-001
171 171 172
2 0 431 137.2670 103.4560 2 1857 233.5920 92.6180
-9.3846737312e-002 -3.1151018531e-002 -8.7294965468e-001
62 48 38
2 0 551 -313.0900 26.4760 2 534 -192.9190 56.5600
-3.3607627966e-002 1.7774958583e-001 -1.0054239854e+000
77 78 80
3 0 1172 -21.2950 367.3300 2 2740 127.1650 381.5455 1 2808 407.6000 371.7312
5.8627475310e-002 1.0277361939e-001 -1.0775464381e+000
49 44 40
3 0 1353 200.3580 209.2110 2 4048 337.6770 207.9520 17 1451 121.1770 185.5830
1.8189721842e-002 1.1508799645e-002 -9.6785679299e-001
209 210 214
2 0 1532 102.6400 112.8690 2 3044 201.7790 106.6100
5.0715391527e-002 4.4345602631e-003 -9.7493443253e-001
223 191 166
2 0 1549 192.8890 106.4530 2 1872 291.9130 89.5970
4.7315507457e-002 5.4327377825e-003 -9.7530732855e-001
193 163 139
2 0 1550 183.9060 106.1670 2 3063 282.3480 91.6650
-3.1742892575e-002 1.8316358631e-001 -1.0016160033e+000
86 88 85
4 0 2410 -20.9370 381.8543 2 2722 128.3190 396.8551 1 4038 413.2800 388.7443 17 3391 -100.1530 362.5138
-2.3524817755e-002 1.7789243489e-001 -1.0080322693e+000
11 12 16
4 0 2421 -0.0960 370.0268 2 1471 147.7030 383.4323 1 2809 433.5900 371.6113 17 2377 -79.4630 349.1070
-6.0530664207e-003 8.9831182804e-002 -1.0270720847e+000
68 61 58
3 0 2592 58.8880 203.4830 2 4041 185.7850 212.3950 17 3568 -8.6860 178.9190
4.1246390776e-002 4.6204120969e-002 -1.0152142122e+000
218 191 171
2 0 2669 166.5480 155.2030 2 2980 282.4290 148.3290
4.0403600206e-002 8.2196445998e-003 -9.7418003094e-001
203 177 162
2 0 2728 163.9650 110.7180 2 3055 263.3610 97.6620
4.1825283077e-002 8.4650398922e-003 -9.7692922305e-001
222 194 180
2 0 2729 168.7940 109.0180 2 4172 268.1720 96.5710
2.1814505121e-002 -3.5521613197e-002 -9.2292365932e-001
198 199 203
2 0 2831 101.9410 31.8520 2 4251 176.6970 20.2360
-9.2884603028e-002 -3.0005949688e-002 -8.7223949045e-001
32 22 16
2 0 2832 -311.6420 31.1460 2 3103 -191.8980 60.7450
6.5689368281e-003 -9.0003600285e-002 -8.4045035284e-001
126 127 121
2 0 3006 -21.9410 -118.2460 2 3351 13.8250 -115.1950
1.7926940171e-003 -9.6904506386e-002 -8.3977598984e-001
168 170 167
2 0 3059 -43.0720 -153.8750 2 3391 -7.4320 -143.9960
2.0030371296e-002 7.3565961405e-002 -1.0324884651e+000
116 100 84
2 0 3729 118.9420 181.7500 2 4888 241.5500 182.8460
5.6017928331e-002 3.8078776133e-002 -1.0142274135e+000
181 182 177
2 0 3763 203.2150 146.5380 2 4128 318.2030 135.4580
3.9746787856e-002 2.5736170466e-002 -9.9232977542e-001
199 178 161
2 0 3779 162.3530 133.1830 2 4143 269.8630 122.9740
8.5030976350e-002 -4.6550328477e-003 -9.5009411735e-001
25 42 35
3 0 3788 294.2650 128.8580 2 4174 390.3520 96.7290 17 3657 248.6670 92.3660
4.1782723193e-002 1.4738018464e-002 -9.8346029747e-001
218 194 182
2 0 3806 168.6410 117.3950 2 4163 270.9400 106.0660
4.3803928880e-002 1.0190091711e-002 -9.7875209828e-001
203 176 160
3 0 3811 173.6170 113.3790 2 4170 274.2960 99.2680 1 5136 482.6000 30.0090
2.1182297677e-002 3.9135243436e-003 -9.6069923158e-001
217 216 211
2 0 3828 108.9100 103.0860 2 4177 204.7070 94.9010
5.3819126592e-002 -8.3575634904e-003 -9.6616497593e-001
178 180 178
2 0 3849 204.3770 84.5720 2 4207 297.2970 64.9700
-8.6124076740e-002 -2.1809364649e-002 -8.8661868637e-001
68 56 41
2 0 3874 -262.2830 46.6860 2 4200 -147.3900 71.6250
1.6435519967e-002 -4.3705530229e-002 -9.1247273976e-001
108 93 78
2 0 3894 80.2930 13.8790 20 2973 113.1730 -87.9540
1.6435519967e-002 -4.3705530229e-002 -9.1247273976e-001
108 93 78
2 0 3895 80.2930 13.8790 20 2974 113.1730 -87.9540
-3.2144386535e-002 -1.3435652877e-001 -8.0114528295e-001
109 89 65
2 0 4293 -317.7440 -399.2450 2 3611 -255.9240 -304.7850
-4.1656086721e-002 1.2637340181e-001 -1.0376200316e+000
45 46 46
2 0 4485 -7.9810 241.2160 2 4839 126.8330 254.5740
1.3697357653e-002 -7.4385855070e-002 -8.3814513960e-001
135 138 131
2 0 4706 1.6290 -37.2580 2 5033 41.8390 -48.4730
9.1942997333e-002 -7.0962869575e-002 -9.1697461988e-001
119 95 64
2 0 4714 368.5560 -42.2510 2 5051 418.9200 -88.2140
-3.6339860225e-002 -1.2278243613e-001 -8.0764833711e-001
130 105 74
2 0 4923 -309.3720 -317.8520 2 4483 -240.6480 -242.2410
1.1655502414e-001 1.2451853354e-001 -1.1329859411e+000
7 4 2
3 0 5117 305.4210 219.3900 2 5480 462.8199 213.7870 17 4880 212.1820 198.0340
1.1655502414e-001 1.2451853354e-001 -1.1329859411e+000
7 4 2
3 0 5118 305.4210 219.3900 2 5481 462.8199 213.7870 17 4881 212.1820 198.0340
-8.5359887831e-003 9.9774164693e-002 -1.0307489003e+000
198 202 195
3 0 5120 56.7670 216.3440 2 5475 181.7170 226.2340 17 4280 -16.5510 193.2320
5.2944996080e-002 4.3631075522e-002 -1.0196860236e+000
212 212 214
2 0 5173 195.4430 151.1480 2 5553 311.9570 142.0890
1.9037264000e-002 1.4627878456e-002 -9.6928308098e-001
206 207 211
2 0 5190 104.4750 119.5300 2 5572 205.1560 112.7820
1.0309598822e-001 -9.1754406622e-003 -9.6089047730e-001
85 108 138
2 0 5192 351.9210 116.1440 2 6003 452.9399 76.4330
1.6456991781e-002 -4.3312158486e-002 -9.1022553908e-001
123 100 78
2 0 5236 78.7980 15.9200 2 6031 148.5800 6.3370
-3.5129285842e-002 -6.1565842944e-002 -8.5288128727e-001
40 41 37
2 0 5259 -172.5380 -27.8290 2 5015 -91.4530 -13.5100
1.0001163343e-001 -1.0169780916e-001 -8.9239983050e-001
105 88 64
2 0 5289 445.5699 -145.7000 20 5113 524.2600 -360.2230
-3.2746229984e-002 -1.2382852466e-001 -8.0781722046e-001
124 98 71
2 0 5381 -291.5780 -322.6190 2 4493 -227.9020 -249.9820
-1.9566569711e-002 -1.3592500959e-001 -7.9842779477e-001
120 90 66
3 0 5440 -260.7670 -413.3880 2 4575 -218.5220 -323.3140 1 4627 -272.1580 -237.8710
-5.1204343432e-002 7.5972615000e-002 -9.9157218568e-001
150 152 148
2 0 5548 -52.1340 192.4240 2 5487 71.3090 204.1750
3.3705442715e-002 -4.2068549882e-003 -9.5700429878e-001
206 201 199
2 0 5592 143.6530 93.1410 2 6000 236.0530 79.9230
6.6760777289e-002 -1.0440544270e-002 -9.6011384065e-001
192 176 79
4 0 5593 242.2150 90.7400 2 6007 334.1140 67.6630 1 6361 538.0601 -17.5040 17 4963 197.3350 55.1230
-3.3898041817e-002 -6.4992749682e-002 -8.5121109967e-001
151 155 141
3 0 5634 -171.9600 -39.4030 2 6038 -91.9360 -24.1860 17 5551 -166.7150 -116.7360
-3.6847167278e-002 -6.7567222081e-002 -8.4835904289e-001
149 155 141
2 0 5641 -188.1510 -49.4350 2 5639 -108.1530 -30.9550
1.6513240522e-002 -7.5318456723e-002 -8.5350593246e-001
142 143 138
2 0 5642 35.5300 -52.5840 20 5664 4.5380 -159.5110
-3.1833654917e-002 -7.6479638166e-002 -8.4375957596e-001
159 162 153
3 0 5647 -179.1610 -80.5730 2 6044 -106.4220 -61.2680 17 5558 -165.0480 -164.5670
-2.9211795014e-002 -1.3246283134e-001 -7.9690353789e-001
120 91 67
3 0 5758 -320.2140 -392.4580 2 5801 -258.1660 -298.3050 1 5820 -291.8050 -202.9860
-2.0152663771e-002 -1.3812727333e-001 -8.0208730279e-001
119 93 66
2 0 5774 -249.3990 -423.2320 2 5830 -210.3640 -333.2570
-1.0007212357e-002 1.5235526412e-001 -1.0334268983e+000
70 72 67
3 0 5797 44.0650 303.4800 2 5945 184.7770 317.6690 17 5606 -33.4980 279.2870
-7.0115851790e-003 1.4291057594e-001 -1.0590319614e+000
79 81 78
2 0 5809 63.2960 262.4630 2 6373 202.3000 273.9160
4.9424870607e-002 -1.5565878830e-003 -9.6730143249e-001
192 170 155
2 0 5833 189.7140 98.3300 2 6399 285.2000 80.8540
8.1955134269e-003 -8.7514222946e-002 -8.4818528241e-001
50 51 43
2 0 5858 -3.2960 -109.6810 2 6054 34.3270 -108.8850
-3.8543129628e-002 -1.2933971849e-001 -8.0274187508e-001
95 71 47
2 0 5906 -342.4580 -364.3670 2 5783 -269.3230 -274.6390
-3.5463836818e-002 -1.3225064491e-001 -7.9747582756e-001
101 74 53
2 0 5914 -351.1490 -389.7460 2 6116 -279.4560 -293.2860
-2.4882446622e-002 -1.3471606480e-001 -8.0236081135e-001
106 85 58
2 0 5916 -273.8990 -399.1500 2 6123 -225.0650 -311.2310
-1.2996256653e-002 1.3404954765e-001 -1.0472639832e+000
62 64 59
3 0 6019 47.8390 259.1310 2 6463 186.0060 268.0870 17 5688 -28.7990 233.0250
7.5282528762e-002 -2.5307846291e-003 -9.5052579247e-001
230 219 148
3 0 6070 262.9280 128.8480 2 6509 358.2810 100.1670 17 5740 218.4780 90.5940
4.4927047634e-003 -9.7002495124e-002 -8.3881276627e-001
203 206 199
2 0 6077 -32.5120 -152.3140 2 6484 0.9560 -145.0820
3.5536802106e-003 -1.0229300404e-001 -8.4254152043e-001
42 43 45
2 0 6079 -28.3630 -180.7180 2 6515 2.3990 -168.0420
9.3859863228e-002 -1.4069923358e-002 -9.6234849581e-001
67 95 134
2 0 6132 325.9090 95.0060 2 6580 421.4700 60.2260
-3.8634289758e-002 -5.4490264449e-002 -8.5665480620e-001
101 105 90
2 0 6149 -177.1780 -6.4150 2 6581 -92.1920 7.6720
3.4389602096e-002 -8.2274446259e-002 -8.9472926962e-001
213 214 218
2 0 6169 147.8340 -99.0090 20 5867 156.7890 -229.5980
-3.5258451267e-002 1.7908395078e-001 -1.0043403292e+000
37 37 36
3 20 112 94.1390 289.4520 2 57 123.0160 385.1289 1 1389 403.6900 375.0539
7.2070977586e-002 1.1050816934e-001 -1.0860510626e+000
57 49 44
2 20 313 353.1660 122.2490 2 244 368.1130 217.8420
7.6959608755e-002 1.0640778053e-001 -1.0852004643e+000
76 72 68
2 20 327 365.3700 117.3010 2 252 377.9890 212.8250
-6.9851971242e-002 7.0882407649e-002 -9.9262258695e-001
148 145 136
2 20 361 1.4780 99.9630 2 320 34.6580 187.5580
-3.3332616406e-002 -5.9622612830e-002 -8.5425208734e-001
69 71 57
2 20 777 -182.5930 -90.9260 2 666 -82.7080 -7.5160
-2.7880753040e-002 1.8070502736e-001 -1.0030176670e+000
91 92 87
2 20 1362 107.5350 298.0060 2 1454 136.1760 392.8105
-2.4301385942e-002 1.8071186879e-001 -1.0044713215e+000
88 89 84
2 20 1363 115.2210 297.8090 2 2725 144.2290 392.8012
-3.2217896930e-002 1.8225667332e-001 -1.0040912533e+000
29 29 27
4 20 1366 100.1910 296.5950 2 1455 129.2530 392.2385 1 2793 412.6900 382.9862 17 2369 -99.8120 356.5347
-3.3229624685e-002 1.8113169722e-001 -1.0068567368e+000
32 32 30
3 20 1376 99.7890 290.6630 2 1469 128.6610 385.6062 17 1247 -99.7370 350.9445
5.7475754536e-002 1.2392828009e-001 -1.0979589245e+000
42 41 37
2 20 1555 322.3780 128.7520 2 2877 339.1790 226.2930
-1.9624750176e-002 8.9407541120e-002 -1.0185734594e+000
28 28 28
2 20 1562 127.4670 124.0510 2 1653 153.0840 213.7860
8.4759513076e-002 9.8906763258e-002 -1.0853071530e+000
62 62 54
2 20 1594 384.8430 105.9700 2 1674 395.2500 201.4250
2.8051983924e-002 8.9636391729e-002 -1.0514520351e+000
28 25 20
2 20 1597 245.8400 105.0710 2 1682 268.3850 198.5530
8.9950113961e-002 8.7381909495e-002 -1.0779067755e+000
114 114 105
2 20 1617 398.7160 93.4430 2 317 407.1500 188.0470
7.8101907976e-002 6.0727240444e-002 -1.0351775528e+000
236 230 218
2 20 1636 368.0840 80.9820 2 347 376.9910 170.5860
7.6608707756e-002 6.2578291583e-002 -1.0408625451e+000
61 58 43
2 20 1641 364.7980 78.1850 2 357 373.8450 168.7650
6.2678944220e-002 -1.3094750195e-002 -9.6703258085e-001
168 168 166
3 20 1823 317.1530 -35.4630 2 1922 323.1170 53.7710 1 3373 523.6100 -34.3870
1.8149718673e-002 -5.9540627420e-002 -8.7757145188e-001
163 162 156
2 20 2026 65.4830 -110.8510 2 2066 117.8010 -21.9860
2.5585504418e-002 -5.0271595838e-002 -9.1350192759e-001
85 75 65
2 20 2027 147.1230 -110.9420 2 686 178.7960 -17.0260
-2.6994181715e-002 1.7767486766e-001 -1.0057502593e+000
32 31 38
3 20 2509 110.5690 290.5480 2 2735 139.9030 384.2660 17 2376 -87.5440 348.8650
-5.0494615901e-002 9.6823041521e-002 -9.4821144731e-001
34 33 31
2 20 2565 0.4520 213.9450 2 3961 37.9200 293.5900
-5.7078032690e-002 7.8080507060e-002 -9.8330901720e-001
176 173 164
2 20 2668 18.7280 128.1460 2 1649 53.0370 214.4840
-4.4835058068e-002 6.8219072220e-002 -9.8479379373e-001
127 127 117
2 20 2694 43.4620 110.8910 2 1683 77.6590 197.7140
6.7275743051e-002 8.7566131063e-002 -1.0716343976e+000
86 78 70
2 20 2733 343.5150 93.1850 2 1705 355.5750 187.6130
3.9991630589e-002 -5.8841043061e-002 -9.0725389737e-001
126 101 75
3 20 3061 197.3590 -137.5700 2 2097 219.5140 -39.6140 1 4505 325.2170 -103.0910
4.2573218957e-002 -5.9304445573e-002 -9.1119350771e-001
123 95 73
2 20 3069 211.2660 -142.7510 2 3219 231.6830 -43.7700
-1.7516005084e-002 1.0884570332e-001 -1.0487079279e+000
50 50 38
2 20 3666 152.4550 128.3260 2 4869 174.7480 221.7890
-7.9334048912e-003 1.0585884624e-001 -1.0584663407e+000
84 71 62
2 20 3677 177.0010 116.5480 2 4043 196.9500 210.7070
9.2792183504e-002 9.7030321290e-002 -1.0848912840e+000
25 17 11
2 20 3684 404.0300 105.4910 2 4053 413.5000 200.6110
7.3548777997e-002 6.6410997698e-002 -1.0465032187e+000
41 36 32
2 20 3707 357.0780 79.2120 2 4091 367.1330 170.5930
5.8405541764e-002 -2.5924516510e-004 -9.6080044471e-001
56 51 48
2 20 3766 297.6580 8.4090 2 3060 308.7710 92.1630
7.6360396990e-002 -1.5138907797e-002 -9.6708552433e-001
167 163 76
2 20 3817 366.1230 -39.1860 2 3114 364.7730 50.4470
1.0504690562e-001 -1.0346682330e-002 -9.9006229559e-001
196 197 197
2 20 3824 470.0699 -42.6240 2 3117 457.0800 48.9080
1.3833299397e-002 -8.0121014712e-002 -8.3835407598e-001
152 149 130
2 20 3946 -50.0530 -168.0940 2 3272 41.1520 -73.0100
6.4643216992e-003 -9.7894849909e-002 -8.3698650644e-001
169 172 163
2 20 4046 -103.7940 -271.5280 2 3397 4.2780 -147.2200
-7.3187333296e-002 7.8987829378e-002 -9.6909352883e-001
161 151 144
2 20 4368 -28.7250 140.3200 2 4863 9.4180 225.3800
-7.3187333296e-002 7.8987829378e-002 -9.6909352883e-001
161 151 144
2 20 4369 -28.7250 140.3200 2 4864 9.4180 225.3800
5.9338479479e-002 9.0406343963e-002 -1.0429272540e+000
106 105 101
2 20 4390 317.1650 126.8860 2 4037 332.6970 217.2800
7.4055579040e-002 7.1527111963e-002 -1.0475132567e+000
63 65 54
2 20 4411 358.2650 88.8420 2 5511 367.6980 180.2090
9.2993382612e-002 7.4976332857e-002 -1.0680418429e+000
115 104 91
2 20 4415 407.6900 80.2470 2 5516 415.1600 173.5970
9.8891167098e-002 -1.5054072676e-002 -9.6081198418e-001
83 115 153
2 20 4482 450.9000 -25.9260 2 4217 438.9399 59.6060
8.0324758292e-002 -2.2628780388e-002 -9.6394031416e-001
174 178 190
2 20 4505 380.8080 -58.4030 2 4244 378.7030 32.3870
1.5055938767e-002 -3.6266189727e-002 -9.2091804804e-001
108 90 69
2 20 4515 119.2410 -70.4080 2 4252 155.2650 19.1770
2.1422428436e-003 -9.5378179863e-002 -8.4263315955e-001
166 170 156
2 20 4624 -104.3010 -258.0040 2 4378 -0.4170 -137.7190
9.5934229200e-002 9.0935264565e-002 -1.0858754358e+000
195 195 183
2 20 4885 412.6300 94.0670 2 5499 421.3300 189.2070
9.5934229200e-002 9.0935264565e-002 -1.0858754358e+000
195 195 183
2 20 4886 412.6300 94.0670 2 5500 421.3300 189.2070
7.2223303636e-002 -1.8475083940e-002 -9.6471464648e-001
194 187 176
2 20 4959 351.1430 -47.8850 2 4984 351.7490 42.5330
5.4307420645e-002 -3.3003385175e-002 -9.4318245387e-001
94 94 99
2 20 4975 279.1300 -75.7810 2 5614 288.6130 15.8600
6.9954463040e-002 -3.3402533219e-002 -9.4782292587e-001
208 208 208
2 20 4978 340.0470 -79.4440 2 5003 341.5590 12.8630
1.0816836372e-001 -2.8211626060e-002 -9.7034500042e-001
207 211 211
2 20 4979 494.0300 -79.1410 2 5615 471.1200 15.5340
6.1890071304e-002 -3.4828177567e-002 -9.4351648683e-001
145 144 149
3 20 4981 307.5950 -80.8840 2 5619 313.5640 11.1750 1 6109 481.0800 -78.3580
3.6848914565e-002 -4.1222916880e-002 -9.2366140743e-001
150 152 151
3 20 4985 200.1710 -87.0280 2 5008 222.7130 4.5870 1 5755 355.2720 -57.4750
5.7994038314e-002 -6.2013026605e-002 -9.0926391910e-001
132 103 73
2 20 5011 276.3400 -152.0020 2 5655 284.9620 -51.4490
-2.6594294964e-002 1.7736192535e-001 -1.0030582933e+000
41 40 45
2 20 5217 109.2680 293.1050 2 5923 138.8720 387.7270
-2.6594294964e-002 1.7736192535e-001 -1.0030582933e+000
41 40 45
2 20 5218 109.2680 293.1050 2 5924 138.8720 387.7270
-6.4639577202e-002 7.1811086334e-002 -9.7341355059e-001
155 153 141
2 20 5273 -8.7300 123.9330 2 5483 29.1840 209.9030
1.0811615871e-001 1.3151712296e-001 -1.1363720035e+000
67 57 46
2 20 5277 433.4800 119.9880 2 6206 444.3199 220.4060
1.0811615871e-001 1.3151712296e-001 -1.1363720035e+000
67 57 46
2 20 5278 433.4800 119.9880 2 6207 444.3199 220.4060
9.3276099393e-002 9.5797361636e-002 -1.0851127239e+000
32 22 11
2 20 5287 405.2400 103.1570 2 5972 414.9000 198.2030
7.7436238807e-002 -1.0793706647e-002 -9.5311367277e-001
76 102 153
2 20 5329 365.0670 -8.6680 2 5587 365.9800 74.6750
7.7515089112e-002 -1.1059293937e-002 -9.5206250256e-001
76 102 153
3 20 5330 365.0670 -8.6680 2 5588 365.9800 74.6750 17 4955 230.5060 69.5180
9.6284802075e-002 -1.4778221659e-002 -9.5488042343e-001
95 120 160
2 20 5334 440.6400 -18.4560 2 5594 429.8101 65.4420
1.0982381379e-001 -1.9404054494e-002 -9.8162662877e-001
206 207 209
2 20 5344 494.0601 -61.3370 2 6021 474.1700 31.9930
1.0982381379e-001 -1.9404054494e-002 -9.8162662877e-001
206 207 209
2 20 5345 494.0601 -61.3370 2 6022 474.1700 31.9930
1.9590693107e-002 -5.7666253929e-002 -8.9812014287e-001
174 174 172
2 20 5361 103.6550 -124.8810 2 5638 144.8540 -30.3610
1.6439440382e-002 -7.1258749881e-002 -8.6458605804e-001
137 139 126
2 20 5367 30.2120 -150.0000 2 5657 92.9060 -55.8770
1.0052474262e-003 -9.2787929905e-002 -8.3595795908e-001
160 163 154
2 20 5389 -128.7880 -237.3470 2 5092 -16.6860 -124.7410
6.8724722075e-002 5.1168415812e-003 -9.5916612383e-001
60 54 60
2 20 5521 331.3040 29.6530 2 5995 339.5940 110.4200
-5.1396815763e-002 -7.5027393022e-002 -8.4250741791e-001
77 79 78
2 20 5727 -294.0030 -146.8280 2 6405 -166.6530 -53.9880
-4.7282671713e-002 1.2414609983e-001 -1.0143026519e+000
76 74 69
3 20 5795 67.7360 177.8000 2 6530 105.9290 273.2210 1 6674 346.7390 253.9410
1.6021812558e-002 -4.9250026406e-002 -9.1451253415e-001
212 213 217
2 20 5843 113.5310 -109.0930 2 6567 150.2340 -15.2020
1.0771073743e-002 -8.2420469913e-002 -8.3098489496e-001
46 51 46
2 0 709 -21.1980 -71.1880 20 953 -89.1390 -173.2040
-3.3906659539e-003 -8.7934686834e-002 -8.4136443271e-001
131 134 127
2 0 778 -65.4040 -114.2750 17 2033 -29.9010 -198.6680
-2.3244749438e-002 1.8100766095e-001 -1.0069938938e+000
39 41 40
2 0 1156 -0.9550 376.4420 17 1234 -80.0430 355.3514
3.8111030311e-002 1.3597839350e-001 -1.1171704887e+000
101 103 98
2 0 1332 162.9670 218.8820 17 1426 77.6380 196.7460
-2.9631375643e-002 6.7566833795e-002 -9.7250076901e-001
14 14 14
2 0 1362 -21.1760 206.1980 17 2558 -80.6560 177.7460
-4.5726259824e-002 7.9727401846e-002 -9.8842820284e-001
11 12 14
2 0 1363 -43.9870 205.3370 17 1459 -110.0520 177.4910
1.0661256721e-001 5.3336646814e-002 -1.0429960260e+000
101 104 88
2 0 1420 317.4240 174.4930 17 1531 240.9610 148.4950
-5.2698151678e-002 6.8016653473e-002 -9.9328929207e-001
134 134 126
2 0 1423 -52.6210 174.1750 17 1543 -118.6040 145.1840
6.1009728853e-002 1.8002950927e-003 -9.5564016237e-001
164 156 88
2 0 1500 218.7950 125.6220 17 2665 174.2540 89.2250
-8.8481658283e-002 -2.2259050685e-002 -8.8327602683e-001
30 24 18
2 0 1663 -275.6680 46.6700 17 2826 -320.2800 -12.4330
1.3535551926e-001 -6.1274923950e-002 -9.4980956696e-001
196 201 204
2 0 1752 509.1000 -10.6330 17 723 451.0200 -38.2660
1.1449946891e-002 -8.3015678780e-002 -8.5376620136e-001
120 122 109
2 0 1861 17.2060 -90.7530 20 3164 -22.2480 -199.3080
-3.1563871715e-002 1.8776782858e-001 -1.0042744720e+000
81 85 84
2 0 2403 -19.1070 386.7190 17 2363 -99.7900 365.7462
-2.8776247901e-002 1.8358828225e-001 -1.0054748200e+000
85 87 85
2 0 2411 -12.6950 379.4670 17 2366 -92.3860 358.9177
1.4188145922e-001 1.5152548031e-001 -1.0998167670e+000
76 78 62
2 0 2472 347.7570 305.2480 17 1327 250.9690 277.9260
1.7432909044e-001 3.4767155998e-001 -1.4651210763e+000
54 55 49
2 0 2516 314.3320 262.6360 17 1344 194.0600 251.6380
3.8058688582e-001 2.5647151430e-001 -1.5002055833e+000
132 129 120
2 0 2581 562.3300 215.9290 17 1413 409.4900 203.3740
2.3958890262e-002 8.6071970324e-002 -1.0478740429e+000
94 81 73
2 0 2617 129.1170 191.9770 17 2566 57.5760 167.4910
-2.7899626998e-002 5.4940987436e-002 -9.6917276340e-001
45 45 37
2 0 2637 -17.5460 185.0470 17 2579 -75.0040 153.6250
1.2941541785e-001 1.0107432393e-002 -1.0202077638e+000
102 98 88
2 0 2721 400.2930 116.7630 2 3076 524.9900 81.1630
5.8527247237e-002 -4.1565075598e-003 -9.6275395176e-001
71 59 49
2 0 2746 215.4650 100.9100 17 2708 170.4210 66.3610
-3.6881705440e-002 -5.0242518837e-002 -8.3398848812e-001
183 184 189
3 0 2826 -223.3490 36.8570 2 1944 -130.9780 43.2980 17 3762 -218.1530 -42.0860
-3.6689612005e-002 -5.0364965381e-002 -8.3356725378e-001
183 184 189
2 0 2827 -223.3490 36.8570 17 3763 -218.1530 -42.0860
-3.7489481676e-002 -5.1941105902e-002 -8.3286171983e-001
167 168 172
2 0 2836 -228.0880 30.8110 17 3769 -222.6570 -49.7620
8.8751298205e-002 -8.1202648367e-002 -9.1036562046e-001
107 87 63
2 0 2964 366.0040 -76.4410 17 3835 347.5230 -115.5470
-5.1232537923e-002 9.3485004026e-002 -9.4429729399e-001
81 80 78
2 0 3577 -98.0640 284.0790 17 3487 -162.2210 255.2300
-5.1232537923e-002 9.3485004026e-002 -9.4429729399e-001
81 80 78
2 0 3578 -98.0640 284.0790 17 3488 -162.2210 255.2300
1.4747097329e-001 3.5221944051e-001 -1.4516619066e+000
27 25 15
2 0 3604 286.2550 267.9200 17 3489 167.8610 255.2550
4.1011922935e-002 1.2283375407e-001 -1.0946366806e+000
108 110 105
2 0 3678 165.9040 219.1960 17 2537 83.8890 196.1070
9.2543216714e-002 9.4403326252e-002 -1.0800375664e+000
34 26 24
2 0 3693 270.1910 207.9800 17 2545 187.7480 183.9210
3.3791618236e-001 2.5667569291e-001 -1.5014176672e+000
128 109 83
2 0 3700 510.5400 204.5800 17 2538 367.0090 193.9120
-2.6393480686e-002 6.1855531157e-002 -9.6833451713e-001
35 35 35
2 0 3704 -16.1660 201.1840 17 4314 -74.0980 171.0580
3.4734290723e-002 -2.7171678104e-002 -9.3701997966e-001
207 208 212
2 0 3873 146.4820 50.5750 17 3730 115.5320 10.3480
-3.5057369303e-002 -5.2197295421e-002 -8.3323916629e-001
183 184 188
2 0 3886 -217.7110 31.2560 17 4480 -210.9070 -49.2040
-3.5057369303e-002 -5.2197295421e-002 -8.3323916629e-001
183 184 188
2 0 3887 -217.7110 31.2560 17 4481 -210.9070 -49.2040
-5.6422184471e-002 -1.0823947632e-001 -8.1500463707e-001
109 82 68
2 0 4139 -369.0910 -236.5780 2 3430 -272.3520 -170.7330
-5.2316500293e-002 -1.1954901358e-001 -8.0037763916e-001
85 61 39
2 0 4197 -416.4510 -307.3020 20 4684 -568.4037 -370.7840
-1.0598963062e-003 1.3490556935e-001 -1.0825928938e+000
85 84 80
2 0 4490 85.3890 230.7050 17 4267 4.5570 208.2780
3.6082767428e-001 2.6792978336e-001 -1.4887489644e+000
145 141 124
2 0 4495 538.7600 227.5410 17 4263 389.9660 214.0510
1.2968870143e-001 1.1579277067e-001 -1.1253553141e+000
136 140 126
3 0 4501 333.2870 216.9190 2 4876 492.8500 209.2320 17 4276 239.5170 196.9470
3.4009952132e-001 2.5135050221e-001 -1.4869537265e+000
121 103 71
2 0 4509 518.6801 207.4020 17 4277 374.4190 196.4170
-5.9876689876e-002 8.0721075875e-002 -9.8360791124e-001
135 135 127
2 0 4513 -76.9260 205.4140 17 4305 -144.8580 176.7660
1.9445211882e-001 7.6570730990e-002 -1.1303935965e+000
87 76 57
2 0 4543 478.1700 177.6680 17 4324 368.8550 156.0520
7.6468360607e-002 4.6846156950e-003 -9.5119814358e-001
143 144 136
2 0 4573 262.8450 147.2480 17 4369 217.2260 110.9000
6.9449021838e-002 -4.1791267290e-003 -9.5118473213e-001
232 213 117
2 0 4594 245.7580 119.1870 17 4393 202.8720 83.3750
-8.4425506392e-002 -1.4783423479e-002 -8.7791295371e-001
37 37 37
2 0 4628 -275.0090 77.1360 17 4442 -319.1130 19.8220
1.2761969788e-001 -1.4207788608e-002 -1.0006598176e+000
205 209 212
2 0 4632 416.6400 76.0370 2 5607 528.6801 33.6390
7.9006427711e-002 -2.2635273442e-002 -9.6274176168e-001
180 184 194
2 0 4646 284.6830 63.0400 17 4434 239.1800 29.7610
1.1143871277e-001 -2.8375212279e-002 -9.7081786431e-001
201 204 210
2 0 4648 387.6840 56.8450 17 4436 331.8970 27.1480
-3.4747183811e-002 -5.4435565356e-002 -8.3219597974e-001
177 178 182
3 0 4671 -218.2200 23.3330 2 4991 -131.5370 29.7140 17 5019 -210.9260 -57.9390
-3.1849156714e-002 -5.5419157084e-002 -8.3125932525e-001
180 187 180
2 0 4672 -210.3850 22.3780 2 4992 -123.9500 28.1390
7.8775265816e-002 -6.4300210488e-002 -9.3364224815e-001
131 107 79
2 0 4705 310.1210 -36.5880 17 4491 280.6360 -74.3950
-1.0313903352e-001 -8.5576274360e-002 -8.1137696608e-001
59 41 29
2 0 4789 -554.7725 -143.8700 2 4308 -398.7000 -71.3250
-4.3020173199e-002 -1.2384131109e-001 -8.0376825612e-001
115 87 66
2 0 4932 -358.4950 -328.7730 2 4491 -277.0390 -245.1140
-4.7485943828e-002 -1.2573363620e-001 -7.9788186293e-001
123 92 61
2 0 4948 -407.9300 -347.5130 2 3540 -314.6880 -252.6130
-5.2023678392e-002 -1.3288547454e-001 -7.9278443609e-001
119 93 70
2 0 4991 -461.0850 -402.6240 2 4522 -355.0260 -288.2620
1.6081982570e-001 3.7290868811e-001 -1.4396558538e+000
178 182 159
2 0 5087 296.6580 295.7070 17 4849 176.7620 281.8290
-1.0255213662e-002 1.0720560410e-001 -1.0441654043e+000
198 202 195
2 0 5121 56.7670 216.3440 17 4281 -16.5510 193.2320
9.6110819334e-002 9.0173239832e-002 -1.0841944736e+000
198 191 198
2 0 5134 278.8360 198.3590 17 4889 195.8290 174.9510
8.7910107886e-002 -5.5076338059e-003 -9.4979230131e-001
220 205 103
2 0 5183 303.9190 128.6010 17 4946 257.8280 92.1980
9.5665558030e-002 -1.6426489993e-002 -9.6724266382e-001
192 199 198
2 0 5207 332.0590 84.6290 17 4420 280.3310 51.9570
8.3682405015e-002 -2.5767393903e-002 -9.6092877508e-001
186 194 207
2 0 5213 300.7260 58.3780 17 4985 255.4130 25.6530
4.7904521976e-002 -3.2370197573e-002 -9.3866770290e-001
111 112 116
2 0 5219 189.8860 41.0650 17 4993 158.7190 2.1460
1.3460267426e-001 -5.9056433439e-002 -9.5057476585e-001
140 143 146
2 0 5249 503.5800 -4.4830 17 5012 445.5800 -32.4180
1.3460267426e-001 -5.9056433439e-002 -9.5057476585e-001
140 143 146
2 0 5250 503.5800 -4.4830 17 5013 445.5800 -32.4180
-9.7184562587e-002 -8.8297682678e-002 -8.1340218643e-001
69 51 39
2 0 5292 -526.5703 -154.1610 2 5045 -378.1770 -83.3740
-6.9037969969e-002 -1.1999479911e-001 -7.8589310168e-001
63 51 38
2 0 5384 -575.0324 -325.6760 2 5166 -426.2180 -215.3740
-6.9037969969e-002 -1.1999479911e-001 -7.8589310168e-001
63 51 38
2 0 5385 -575.0324 -325.6760 2 5167 -426.2180 -215.3740
-5.9079855508e-002 -1.2319297986e-001 -7.9808444421e-001
128 100 73
2 0 5389 -461.7680 -333.3400 2 5183 -349.2830 -235.1750
-6.2862757866e-002 -1.2381996093e-001 -7.9019276554e-001
64 50 37
2 0 5396 -522.7669 -345.7810 2 5184 -392.6700 -236.7860
-6.1611275426e-002 -1.2404590658e-001 -7.8167040487e-001
120 92 70
2 0 5408 -568.9614 -356.3540 2 5189 -425.6050 -238.8100
-4.9359879849e-002 -1.2946788419e-001 -7.9666586652e-001
103 79 51
2 0 5414 -425.0900 -374.1330 2 5226 -328.4770 -270.5420
-4.8637443540e-002 -1.3406666512e-001 -7.9006098402e-001
94 67 46
2 0 5442 -459.0210 -415.6040 2 5250 -356.1480 -296.3600
1.7524404345e-001 4.1604641189e-001 -1.4135608410e+000
186 192 166
3 0 5496 304.2720 353.2319 2 6184 514.1100 379.2110 17 5235 182.7050 336.2490
-1.8252683664e-002 1.5789551434e-001 -1.0431759679e+000
81 83 79
2 0 5512 32.4740 296.7860 17 5250 -46.2670 276.8180
-1.1514251556e-001 -5.5590359509e-002 -8.2238451796e-001
30 32 31
2 0 5630 -534.8047 -26.3680 2 4995 -371.6300 22.9390
-4.3284364666e-002 -6.7004400456e-002 -8.4179318804e-001
68 71 65
2 0 5639 -227.3800 -45.8060 2 5020 -141.1800 -24.1800
-4.3284364666e-002 -6.7004400456e-002 -8.4179318804e-001
68 71 65
2 0 5640 -227.3800 -45.8060 2 5021 -141.1800 -24.1800
-6.5191395489e-002 -1.2168659228e-001 -7.8361046490e-001
117 87 61
2 0 5722 -571.8146 -338.6610 2 5728 -426.4650 -224.7520
-6.5273734272e-002 -1.2250064610e-001 -7.8922250047e-001
65 47 37
2 0 5723 -538.6113 -338.8290 2 5180 -403.4500 -228.7410
-4.6751780995e-002 -1.2640439430e-001 -7.9560972829e-001
127 97 67
2 0 5730 -415.2840 -354.8090 2 5753 -321.7290 -255.7000
-2.7218761928e-002 -1.2815718286e-001 -8.0374846264e-001
113 86 57
2 0 5731 -279.5070 -353.8890 1 5307 -250.9570 -193.6380
-6.2471509410e-002 -1.2469695403e-001 -7.8080014947e-001
103 70 51
2 0 5735 -579.6354 -362.4280 2 5191 -432.9900 -241.7000
-3.2552016928e-002 -1.2862721662e-001 -7.7527307187e-001
96 71 47
2 0 5764 -451.5010 -398.2120 2 5232 -359.6720 -276.7450
-4.4807851015e-002 -1.3513032692e-001 -7.9109164132e-001
106 80 55
2 0 5772 -434.2530 -420.4060 2 5807 -339.3470 -305.4970
-6.0855056306e-002 -1.1582084319e-001 -8.0186017115e-001
96 75 54
2 0 5895 -446.9360 -286.3220 2 6078 -335.8670 -199.3170
1.3675524187e-001 -5.2255239087e-002 -9.6073453804e-001
202 206 209
2 0 5966 497.5000 10.1680 17 5651 434.9301 -17.8480
-5.5444683325e-002 -6.7674004142e-002 -8.4569589361e-001
180 183 176
2 0 5968 -262.0070 -58.5190 2 6251 -167.4910 -30.4300
-4.1052955031e-002 -1.2837806019e-001 -7.9927466362e-001
134 105 75
2 0 6054 -370.0490 -362.6830 2 6426 -289.8910 -268.5260
-4.5898754011e-002 1.2578080969e-001 -1.0205814983e+000
78 77 73
2 0 6066 -26.7150 254.4560 17 5767 -101.6490 232.7740
1.2958348454e-001 -5.2872070349e-002 -9.4582446433e-001
206 213 215
2 0 6073 483.4700 17.5930 17 5700 428.1801 -14.6490
2.1886905182e-002 1.3751218302e-001 -1.0670402544e+000
114 114 109
2 0 6094 119.5090 258.7560 17 5766 40.7950 237.2560
-5.6808325812e-002 -6.1330089998e-002 -8.4186146012e-001
17 17 15
3 0 6111 -276.9080 -30.1260 20 5809 -299.6240 -87.5870 2 6512 -175.9270 -5.2820
-1.1298594189e-001 -7.1890572580e-002 -8.1986281870e-001
100 70 46
3 0 6112 -545.0146 -91.3320 20 5810 -555.3702 -114.0740 2 6514 -385.6120 -28.0860
-4.7001052367e-002 -1.1896184498e-001 -8.0542641327e-001
133 108 78
2 0 6115 -368.5640 -298.7860 2 6487 -281.3710 -219.5410
-2.8452052408e-002 1.8911822682e-001 -1.0172751228e+000
42 43 45
2 0 6121 -5.2960 372.9610 17 5792 -86.5800 352.7983
1.8927891486e-001 4.7354095085e-001 -1.3917867898e+000
187 195 157
2 20 81 494.6600 321.8630 17 34 185.1050 400.8028
-3.0816900031e-002 1.8368659422e-001 -1.0059789963e+000
46 47 42
2 20 98 103.8910 297.1250 17 70 -96.1370 357.2274
-2.9567414070e-002 1.7969698181e-001 -1.0076822151e+000
72 72 74
2 20 113 107.1240 289.2700 17 1249 -91.7210 348.7110
-1.8609535299e-002 1.7625555208e-001 -1.0088222644e+000
45 47 46
2 20 114 128.7930 287.6550 17 81 -68.7060 347.1860
-2.7127378334e-002 1.6221886291e-001 -1.0002043488e+000
44 46 43
2 20 127 105.1070 272.4010 17 1280 -86.5890 329.3590
1.3764423228e-001 1.6803384294e-001 -1.1813172097e+000
113 114 97
2 20 250 485.2400 144.3460 2 180 497.5000 249.0290
1.3764423228e-001 1.6803384294e-001 -1.1813172097e+000
113 114 97
2 20 251 485.2400 144.3460 2 181 497.5000 249.0290
2.8705455622e-002 5.2554047843e-002 -1.0145040395e+000
119 116 113
2 20 421 233.9030 69.8970 17 388 73.4290 134.7260
1.2724214938e-002 -7.0363784397e-002 -8.6297895389e-001
93 93 79
2 20 895 10.7270 -144.4880 1 727 133.3600 -68.3440
1.7404835896e-001 5.0186506249e-001 -1.3820154784e+000
33 32 27
2 20 1292 471.7400 349.1210 17 1174 164.2090 426.2954
-2.3515333884e-002 1.7094361076e-001 -1.0105153536e+000
90 91 91
2 20 1393 119.7070 273.6570 17 2401 -75.7500 334.0550
-6.3732177339e-002 7.3788971360e-002 -9.6816411492e-001
160 152 149
2 20 1543 -11.1850 133.9280 1 1562 233.7110 209.1400
4.7631801511e-002 1.1168490668e-001 -1.0819077832e+000
106 107 101
2 20 1567 299.2520 120.6380 17 1433 98.2530 192.2250
1.1985159533e-001 1.2623545031e-001 -1.1311676939e+000
153 145 116
2 20 1571 460.2900 119.7880 2 1638 470.0300 219.2020
1.4277534111e-001 1.4329383999e-001 -1.1175857319e+000
86 90 76
2 20 2605 510.3199 170.5950 2 2830 521.0800 268.5760
1.4252289845e-001 7.3685647608e-002 -1.0851363731e+000
108 102 81
2 20 2754 538.8400 75.0860 2 2956 536.1400 169.1570
1.2909696941e-001 -1.9561628146e-002 -9.9124918698e-001
203 204 206
2 20 2950 568.4700 -68.3640 2 3154 537.4200 26.6980
1.2909696941e-001 -1.9561628146e-002 -9.9124918698e-001
203 204 206
2 20 2951 568.4700 -68.3640 2 3155 537.4200 26.6980
1.1109356601e-001 -3.2170801592e-002 -9.6785671013e-001
202 205 215
2 20 2977 508.6500 -89.5780 2 3174 482.7000 5.7530
1.2002533605e-001 -3.0525432100e-002 -9.7505346715e-001
152 153 155
2 20 2981 543.7400 -90.0180 2 3173 512.4399 6.3820
1.1747597115e-001 -3.1516711026e-002 -9.7251534071e-001
139 142 147
2 20 2985 534.3500 -91.2950 2 3175 504.1200 5.1180
1.1747597115e-001 -3.1516711026e-002 -9.7251534071e-001
139 142 147
2 20 2986 534.3500 -91.2950 2 3176 504.1200 5.1180
1.0555487488e-001 -5.7050119286e-002 -9.2284606407e-001
212 213 215
2 20 3071 510.2400 -143.6120 17 1823 374.2970 -24.9280
1.5632038835e-002 -7.9720289343e-002 -8.3735188532e-001
156 150 137
2 20 3112 -43.8560 -164.1880 1 3449 67.4190 -74.8470
1.1510843877e-002 -8.1865406198e-002 -8.3481227808e-001
135 134 128
2 20 3127 -73.0800 -174.1570 1 3450 42.9680 -75.6170
-2.9036621770e-002 1.9067462714e-001 -9.9957337438e-001
106 108 102
2 20 3492 103.6570 318.4160 17 3374 -98.3950 378.4084
1.4170208528e-001 1.5101983634e-001 -1.0997424074e+000
68 68 57
2 20 3571 507.9200 204.2190 2 3956 521.5100 300.4960
8.1339195599e-002 7.5596084188e-004 -9.5205391484e-001
223 211 106
2 20 3751 376.4630 30.7110 17 3644 233.4600 102.1900
1.0469640434e-001 -6.7419109409e-003 -9.6495832219e-001
90 116 134
2 20 3782 470.5500 -2.6560 17 2672 300.1960 84.4270
1.2711990745e-001 1.1971935461e-002 -1.0199136907e+000
160 161 155
2 20 3791 533.9301 -5.7740 17 3656 318.4560 93.3230
1.2659440234e-001 -4.9420415306e-004 -1.0091908949e+000
158 164 158
2 20 3811 541.3300 -29.4110 17 2694 330.5360 73.9960
1.0451223876e-001 -2.1570435175e-002 -9.7711045397e-001
201 205 206
2 20 3847 474.8400 -64.4430 17 2765 303.7800 35.8210
3.3363432484e-002 -3.7843585583e-002 -9.2614460991e-001
200 200 202
2 20 3852 189.3130 -77.7610 1 4442 349.4500 -47.0350
2.0708818650e-002 -6.2932554863e-002 -8.9037503462e-001
171 169 170
2 20 3908 95.7490 -139.1490 1 5237 223.4800 -81.2320
1.3167895627e-001 1.0810978147e-001 -1.1078943214e+000
78 78 67
2 20 4395 494.8199 114.2930 17 4273 249.6390 199.7360
1.3167895627e-001 1.0810978147e-001 -1.1078943214e+000
78 78 67
2 20 4396 494.8199 114.2930 17 4274 249.6390 199.7360
1.3963965828e-001 7.6991396950e-002 -1.0864596790e+000
109 103 79
2 20 4417 529.8000 79.3500 2 5514 527.5100 174.1120
8.3480865895e-002 1.4274059480e-003 -9.5218488625e-001
47 49 60
2 20 4445 384.3000 33.0660 17 4373 239.2420 105.5520
8.3480865895e-002 1.4274059480e-003 -9.5218488625e-001
47 49 60
2 20 4446 384.3000 33.0660 17 4374 239.2420 105.5520
1.2757282032e-001 8.9659790506e-003 -1.0188570449e+000
204 203 214
2 20 4472 537.2500 -12.6900 17 2668 321.8950 87.7980
-3.4273116281e-002 -4.5299707098e-002 -8.6581533828e-001
212 214 219
2 20 4494 -145.1510 -48.4110 1 4298 37.5940 43.3440
-6.4233408876e-002 1.0174495057e-001 -1.0066092817e+000
14 14 10
2 20 4856 29.8520 144.3660 1 6464 289.6770 215.6400
1.5836357025e-001 6.6605797398e-002 -1.1009621615e+000
104 92 68
2 20 4914 581.2200 49.0570 2 5547 573.6500 145.2220
1.5836357025e-001 6.6605797398e-002 -1.1009621615e+000
104 92 68
2 20 4915 581.2200 49.0570 2 5548 573.6500 145.2220
7.4852091455e-002 -1.6595891345e-002 -9.6646679588e-001
115 104 69
2 20 4956 360.3610 -43.4750 17 4972 222.5250 40.6360
1.8465176295e-002 -7.1939420185e-002 -8.6574291117e-001
110 111 97
2 20 5013 40.9220 -154.4460 1 5766 156.5840 -83.8100
1.1235054848e-001 -9.1380330476e-002 -9.1667295646e-001
75 62 46
2 20 5091 580.0200 -308.5620 2 5124 511.1300 -170.7420
1.5924214278e-001 3.6192680991e-001 -1.4232604780e+000
175 187 150
2 20 5249 470.6600 192.6240 2 5946 494.8300 315.5160
1.6321298153e-001 8.6647180653e-002 -1.1330937330e+000
122 107 82
2 20 5306 576.2700 59.5110 17 5288 307.6330 158.1670
1.3328456682e-001 -4.3402012943e-003 -1.0076294538e+000
104 97 71
2 20 5339 568.9200 -37.9270 17 4954 350.8430 70.3490
-3.5263127189e-002 -4.4187970856e-002 -8.6761734909e-001
212 215 222
2 20 5340 -143.2600 -46.8910 1 6054 40.1880 44.7970
1.3065543505e-001 4.9766307994e-003 -1.0128481549e+000
121 100 72
2 20 5525 552.2700 -16.6450 17 5310 335.0480 85.3670
-3.4307481580e-002 -4.6971224278e-002 -8.6138423289e-001
78 78 70
2 20 5534 -157.5430 -48.6200 1 6347 26.2580 43.8320
-3.3691094163e-002 -5.9701782178e-002 -8.4153897419e-001
117 119 105
2 20 5541 -221.5290 -74.5620 1 6060 -34.7840 30.4060
9.7733027255e-002 -2.8594166208e-002 -9.7834995631e-001
192 195 200
2 20 5549 451.3500 -89.0810 17 5536 289.2040 12.5730
1.0726013702e-001 -5.0274174588e-002 -9.4629201045e-001
205 209 212
3 20 5553 507.5800 -136.9880 2 6253 474.7800 -35.1430 17 5339 353.6410 -19.7670
-3.2171999655e-002 1.8123658983e-001 -1.0052833112e+000
48 48 46
2 20 5616 100.6200 293.5700 17 5597 -98.5800 353.2144
1.1441527489e-002 -8.3256775654e-002 -8.3240732006e-001
132 135 129
2 20 5729 -81.9880 -179.4720 1 6501 33.7260 -78.4060
-7.6788148343e-002 -1.0271963867e-001 -8.1357499202e-001
115 84 64
2 20 5731 -538.0094 -257.1570 1 6368 -265.8620 -55.2370
1.3892599791e-002 -7.8417090188e-002 -8.3570349491e-001
126 128 115
2 20 5772 -55.9770 -155.9550 1 6585 59.0670 -63.4680
2.9275826939e-003 -1.0233678112e-001 -8.4410616728e-001
49 50 52
2 20 5812 -101.6510 -299.7250 1 6648 7.8740 -164.7180
-3.8959024344e-002 -5.5637497094e-002 -8.5453194369e-001
105 107 93
2 20 5851 -197.7850 -75.2090 1 6706 -11.1250 27.2450
-3.8959024344e-002 -5.5637497094e-002 -8.5453194369e-001
105 107 93
2 20 5852 -197.7850 -75.2090 1 6707 -11.1250 27.2450
-3.5593135533e-002 1.7801226377e-001 -1.0064908983e+000
34 36 33
2 2 66 123.5030 380.9730 17 84 -103.4470 343.6550
-6.5503542946e-002 6.9884769275e-002 -9.9145284556e-001
141 141 128
2 2 314 42.6290 188.5620 17 1544 -148.0840 144.1940
-4.5697429160e-002 2.9922431299e-002 -9.4676583143e-001
14 16 11
2 2 389 35.6280 152.8410 1 293 214.4280 139.0980
-2.0572281475e-002 1.7434764904e-001 -1.0151884874e+000
18 20 19
2 2 1481 157.0980 370.2392 17 1265 -68.6600 334.5570
-2.0572281475e-002 1.7434764904e-001 -1.0151884874e+000
18 20 19
2 2 1482 157.0980 370.2392 17 1266 -68.6600 334.5570
4.5349530600e-002 1.1258514582e-001 -1.0873317624e+000
49 50 55
2 2 1659 312.2770 211.9660 17 1445 94.3400 189.0830
1.4801424122e-001 1.1145909704e-001 -1.1335128574e+000
242 247 243
2 2 1681 533.4500 198.9330 17 245 270.4480 190.6440
-3.7520009484e-002 -6.6079548925e-002 -8.4396475322e-001
105 108 99
2 2 2068 -118.5340 -22.5550 1 1925 -46.9610 7.1550
1.1991931688e-001 5.1533181425e-002 -1.0473809485e+000
106 98 78
2 2 2979 486.4700 151.5750 17 368 269.0600 146.7810
8.8872957996e-002 -1.8358576181e-003 -9.5336777150e-001
46 45 51
2 2 3047 403.3100 101.9440 17 3647 256.5760 99.3210
7.2945701497e-002 -1.9118420453e-002 -9.6437977455e-001
209 208 201
2 2 3134 354.2470 41.0420 17 2767 219.3000 34.3850
-5.7553849120e-002 -1.1731683723e-001 -7.9946157855e-001
136 113 82
2 2 3484 -335.0750 -207.4180 1 2160 -306.3510 -107.1910
9.7197510771e-002 -1.0997708001e-001 -8.8310163130e-001
120 93 72
2 2 3524 449.6600 -239.9220 1 5509 508.9500 -421.0930
-6.2657457998e-002 4.1399231326e-002 -8.7908699713e-001
182 182 184
2 2 4005 -84.7640 252.9980 17 3543 -260.3550 211.8200
-5.7759083336e-002 7.5228065801e-002 -9.9372895889e-001
29 25 14
2 2 4054 60.0470 199.1110 17 4323 -131.0980 156.6710
-5.9796872628e-002 4.8852104344e-002 -9.6516108304e-001
179 174 178
2 2 4088 26.9740 172.0650 1 5050 219.8420 159.5820
-1.1664998218e-001 -7.9821341354e-002 -8.1031108615e-001
87 61 41
2 2 4290 -429.8970 -49.6470 1 4297 -302.9170 43.7040
-1.0484658724e-001 -8.7964616558e-002 -8.0804151913e-001
104 74 55
2 2 4316 -414.8740 -78.2120 1 4338 -304.7330 17.1070
-6.2450818929e-002 9.3467050755e-002 -9.7397054180e-001
195 192 186
2 2 4843 36.9840 251.4320 1 5611 257.7740 242.1880
-6.3798297527e-002 7.9253170912e-002 -9.7975258416e-001
146 146 138
2 2 4872 37.3070 218.2110 17 4306 -156.2010 175.6900
8.8135528738e-002 9.0315084868e-002 -1.0714484590e+000
89 71 54
2 2 4881 402.7900 199.2830 17 2552 181.9480 182.0680
1.2601718339e-001 -1.1620483429e-002 -9.9633830587e-001
202 206 209
2 2 4983 524.0900 44.2960 17 2729 343.8390 57.2810
-5.0706178148e-002 -1.2454837094e-001 -7.9473376750e-001
138 110 82
2 2 5200 -336.3750 -245.6140 1 5270 -326.0060 -138.1440
-3.2800347015e-002 -1.2855207655e-001 -7.9960884576e-001
117 91 64
2 2 5230 -259.3680 -275.1210 1 4577 -280.0670 -183.3520
-1.1889830574e-002 -1.3969499761e-001 -7.9756416443e-001
126 101 71
2 2 5287 -193.9310 -351.3930 1 5375 -266.4520 -270.2590
3.2196394804e-002 -3.8448489886e-002 -9.3343729000e-001
154 155 159
2 2 5621 215.2480 5.7870 1 6097 353.3510 -56.9450
5.1501967308e-002 -6.4341498846e-002 -8.9392187489e-001
120 93 64
2 2 5652 252.0710 -48.7510 17 5024 200.6100 -72.3090
-6.5137235039e-002 -9.9292784761e-002 -8.1245710516e-001
108 88 66
2 2 5693 -300.9870 -130.5490 1 5748 -243.8960 -48.1580
-5.8293848942e-002 -1.1760046193e-001 -7.9906384774e-001
139 116 83
2 2 5726 -339.0870 -208.4990 1 5779 -309.6270 -107.0160
4.9613469090e-002 -2.4163795227e-002 -9.4496958352e-001
183 184 189
2 2 6018 275.4760 39.3550 17 5326 158.3450 21.7210
-9.5923372910e-002 -1.0130653842e-001 -7.9820686315e-001
117 90 60
2 2 6058 -437.2990 -127.3460 1 5729 -343.7720 -16.9930
-2.9516871925e-003 1.9416061689e-001 -1.1895243833e+000
100 101 96
2 2 6202 255.1400 243.1110 17 4874 14.1450 209.3360
-1.2679186742e-001 -8.1118010262e-002 -8.0586944533e-001
70 51 35
2 2 6256 -469.2550 -51.3740 1 6345 -331.1550 49.3370
6.1689749259e-002 -6.7023324843e-002 -8.9548286324e-001
119 90 60
2 2 6258 291.9140 -59.5100 17 5547 241.3730 -76.0320
-3.4716688162e-002 -1.0235759095e-001 -8.2871551099e-001
214 217 222
2 2 6547 -162.2200 -153.7440 1 6664 -136.2000 -105.9800
