# Bundle file v0.3
9 816
768.108018 0.0 0.0
0.949529 -0.074596 -0.304679
0.156695 0.954238 0.254708
0.271736 -0.289594 0.917766
-0.275560 0.274245 0.622253
778.238168 0.0 0.0
0.698140 0.368765 -0.613688
-0.154076 0.914453 0.374214
0.699185 -0.166700 0.695234
-0.489963 0.373868 0.427546
771.458763 0.0 0.0
0.895790 0.085877 -0.436103
0.025162 0.969787 0.242653
0.443765 -0.228340 0.866564
-0.366898 0.263693 0.561505
774.654202 0.0 0.0
0.550125 0.479634 -0.683604
0.020682 0.810530 0.585332
0.834826 -0.336144 0.435973
-0.569056 0.518957 0.197589
776.814578 0.0 0.0
0.935033 -0.352556 0.037638
0.333713 0.910947 0.242510
-0.119784 -0.214195 0.969419
0.017317 0.243379 0.681311
766.382415 0.0 0.0
0.973681 -0.155316 -0.166802
0.193297 0.950498 0.243291
0.120757 -0.269130 0.955503
-0.158764 0.251225 0.662391
763.895706 0.0 0.0
0.970797 -0.192823 -0.142734
0.239891 0.774105 0.585844
-0.002473 -0.602976 0.797755
-0.156121 0.526845 0.525294
760.934357 0.0 0.0
0.976430 0.022256 -0.214686
-0.001365 0.995286 0.096969
0.215832 -0.094390 0.971858
-0.197979 0.120607 0.688953
773.084573 0.0 0.0
0.898717 0.094677 -0.428187
0.086299 0.919140 0.384363
0.429954 -0.382386 0.817876
-0.374922 0.368889 0.546693
-0.019363 0.186293 -1.018950
39 43 46
2 0 31 5.60 392.56 8 87 129.49 308.11
-0.012842 0.166260 -1.005974
33 33 33
2 0 42 13.87 381.15 8 96 134.06 299.06
-0.022911 0.165797 -1.003107
35 37 36
5 0 44 -8.88 378.25 8 99 110.73 297.22 2 43 139.96 392.17 3 1733 450.42 161.66 6 436 -136.47 125.50
-0.030049 0.165636 -1.004431
77 78 82
3 0 56 -22.82 371.18 8 107 96.66 291.71 3 466 434.04 155.12
-0.030643 0.167523 -1.006219
77 78 82
2 0 57 -22.82 371.18 8 108 96.66 291.71
-0.014347 0.164037 -1.011784
19 20 23
3 0 62 15.04 367.53 8 116 133.96 285.13 2 65 162.90 381.25
0.142567 0.093877 -1.074501
68 70 57
2 0 152 393.34 245.57 8 1541 556.98 136.56
0.129700 0.102694 -1.117544
156 159 150
2 0 236 348.78 208.70 8 366 504.12 98.46
-0.051832 0.066528 -0.987640
74 73 53
2 0 284 -69.78 188.99 8 1576 19.23 114.93
0.071762 -0.009316 -0.944085
184 185 139
5 0 397 280.45 125.46 8 1749 374.45 14.81 2 476 375.93 94.98 3 4463 569.07 -202.99 7 1853 266.77 70.15
0.041953 -0.037542 -0.920500
103 104 109
2 0 525 182.41 40.17 8 1901 237.09 -69.97
0.030003 -0.038141 -0.922989
208 209 213
2 0 548 138.19 27.88 8 743 186.51 -78.39
0.071883 -0.045970 -0.933515
212 213 217
2 0 576 307.08 14.98 8 2042 389.25 -119.04
-0.019922 0.165872 -1.005643
39 41 40
2 0 1155 -0.95 376.44 8 2503 118.57 295.02
-0.018105 0.162873 -1.004996
78 79 81
5 0 1161 2.65 373.04 8 1373 122.04 291.92 1 2804 437.32 375.20 3 3071 462.91 155.12 6 1610 -125.22 121.68
-0.018302 0.163364 -1.005381
78 79 81
8 0 1162 2.65 373.04 8 1374 122.04 291.92 2 2730 150.79 386.73 1 2805 437.32 375.20 5 2373 -76.34 352.41 3 3072 462.91 155.12 4 2206 -226.29 337.93 6 1611 -125.22 121.68
-0.028975 0.166026 -1.005592
23 24 28
7 0 1163 -19.50 371.03 8 1375 99.79 290.66 2 1468 128.66 385.61 1 2803 411.01 375.37 3 3070 437.87 154.88 4 2209 -252.91 335.89 6 1615 -146.55 119.75
-0.017968 0.162652 -1.013491
83 85 84
3 0 1179 8.40 359.81 8 1387 127.86 279.27 2 1480 155.96 373.91
-0.030447 0.170258 -1.023438
35 37 34
3 0 1193 -11.67 351.96 8 131 109.25 270.49 5 1273 -92.12 331.41
0.132557 0.142993 -1.094983
176 178 164
2 0 1223 343.35 302.22 8 1457 502.95 201.87
0.161035 0.114054 -1.103092
69 81 65
2 0 1266 415.35 257.82 8 2635 589.47 148.57
0.111317 0.126468 -1.128621
72 66 50
2 0 1308 301.40 228.53 8 1561 450.11 124.68
0.159637 0.098340 -1.122166
81 76 60
2 0 1349 412.39 209.83 8 2729 584.10 94.58
0.067533 0.079943 -1.053939
177 179 171
3 0 1366 228.46 203.54 8 2707 351.95 104.44 2 4057 363.44 198.88
0.092453 0.083010 -1.071791
130 124 105
2 0 1368 282.98 202.63 8 2724 418.59 98.63
-0.052285 0.065827 -0.997483
119 119 107
2 0 1410 -61.69 176.00 8 1603 27.89 101.30
0.065050 -0.002509 -0.942418
149 145 136
2 0 1477 252.08 144.05 8 1696 343.05 39.34
0.075953 -0.012472 -0.941969
197 179 84
4 0 1513 297.89 121.27 8 2843 395.03 7.93 2 3067 392.82 88.03 5 2671 252.35 84.72
0.105896 -0.031886 -0.962940
149 153 156
4 0 1655 415.29 52.09 8 2980 543.74 -90.02 5 1740 355.74 22.90 7 4218 382.38 -15.67
0.072759 -0.046843 -0.931508
217 220 224
2 0 1721 311.87 14.04 8 3039 394.00 -120.17
-0.028055 0.169129 -1.001995
86 88 85
7 0 2409 -20.94 381.85 8 2498 99.07 301.71 2 2721 128.32 396.86 1 4037 413.28 388.74 5 3390 -100.15 362.51 3 4097 438.98 167.41 6 2763 -147.56 129.47
-0.028011 0.167284 -1.003160
25 27 26
7 0 2414 -18.98 377.69 8 1367 100.19 296.60 2 1456 129.25 392.24 1 2794 412.69 382.99 5 2370 -99.81 356.53 3 3063 438.77 161.91 6 1602 -146.48 125.33
-0.016238 0.163469 -1.004575
23 25 25
8 0 2417 6.42 375.98 8 2505 126.06 294.40 2 1461 154.64 389.60 1 2801 442.84 378.20 5 1237 -72.35 354.19 3 3067 467.43 158.20 4 2205 -222.15 340.05 6 1607 -121.70 124.00
-0.014417 0.162444 -1.005599
78 82 81
8 0 2419 11.19 373.24 8 3506 130.65 292.61 2 3893 159.19 386.71 1 4045 447.66 374.62 5 3396 -67.44 351.78 3 4112 472.47 154.92 4 3200 -216.84 339.13 6 2780 -117.46 121.81
-0.016658 0.162367 -1.006879
16 19 21
8 0 2422 7.34 369.92 8 3511 126.08 290.05 2 3894 155.01 383.60 1 4047 442.20 370.85 5 2378 -71.68 348.66 3 4114 467.69 151.36 4 3205 -221.45 335.47 6 2785 -119.91 117.98
-0.016814 0.163029 -1.007393
16 19 21
5 0 2423 7.34 369.92 8 3512 126.08 290.05 2 3895 155.01 383.60 5 2379 -71.68 348.66 4 3206 -221.45 335.47
-0.016044 0.161469 -1.009544
79 80 82
6 0 2430 10.22 364.90 8 3515 127.66 282.76 2 68 159.53 379.17 1 1400 445.78 365.88 5 3403 -69.07 342.09 3 3079 471.23 146.28
0.158518 0.121394 -1.102713
102 99 85
2 0 2507 406.55 269.85 8 3626 579.15 162.21
0.075729 0.165938 -1.148130
19 20 16
2 0 2527 224.21 255.17 8 1496 364.87 157.33
0.131229 0.091064 -1.073299
138 141 122
2 0 2560 368.23 235.08 8 3669 524.91 128.24
-0.015113 0.075222 -1.005037
24 24 24
3 0 2588 25.50 206.76 8 2677 121.93 125.16 2 2890 148.59 214.34
0.085583 0.087917 -1.075201
100 101 85
5 0 2589 267.14 204.87 8 2711 399.69 102.36 2 4058 407.42 197.91 5 2551 181.95 182.07 4 1321 51.40 181.30
0.024435 0.077397 -1.032261
66 56 50
3 0 2604 131.33 200.41 8 3682 232.69 110.23 5 3572 54.57 176.42
0.044317 0.074118 -1.039455
84 75 63
2 0 2610 175.07 196.40 8 2713 288.60 101.91
0.022856 0.072438 -1.030973
93 80 72
2 0 2618 124.48 191.58 8 2714 230.60 100.95
0.075769 -0.017313 -0.942906
194 194 106
7 0 2741 300.01 104.16 8 2867 396.40 -12.04 2 3089 392.20 70.92 5 2705 254.94 67.88 4 1501 191.56 79.25 6 2994 194.44 -73.02 7 3160 282.79 43.03
0.057856 -0.013824 -0.952011
161 151 68
6 0 2761 233.67 92.00 8 2877 319.00 -18.44 2 3094 325.69 68.30 1 3340 527.84 -16.19 5 2730 189.50 57.22 7 3140 213.56 49.52
0.068618 -0.021306 -0.949969
145 150 89
2 0 2777 275.80 77.14 8 3818 366.12 -39.19
-0.029937 0.165828 -1.008378
78 79 81
6 0 3503 -19.20 365.94 8 2514 99.48 286.09 2 2739 127.17 381.55 3 4925 439.05 148.13 4 3209 -252.27 329.95 6 2788 -147.29 115.50
-0.017345 0.161335 -1.009903
78 80 80
6 0 3505 8.12 363.43 8 4288 125.91 281.99 2 4763 154.46 376.52 1 5562 441.86 364.76 4 3958 -219.44 327.36 6 4374 -121.12 112.46
-0.017153 0.160284 -1.008816
78 80 80
3 0 3506 8.12 363.43 8 4289 125.91 281.99 4 3959 -219.44 327.36
0.179378 0.376292 -1.489397
57 60 43
4 0 3599 306.48 269.06 8 3622 478.54 164.38 5 3485 187.61 256.12 7 4662 306.35 351.67
0.179378 0.376292 -1.489397
57 60 43
4 0 3600 306.48 269.06 8 3623 478.54 164.38 5 3486 187.61 256.12 7 4663 306.35 351.67
0.159458 0.121419 -1.107636
222 224 217
3 0 3610 406.81 264.70 8 4349 579.79 156.34 2 4841 585.61 253.77
0.177080 0.375969 -1.499091
168 170 155
4 0 3611 303.33 263.29 8 3632 475.41 158.27 5 3491 184.78 250.13 7 3826 302.32 345.69
0.108592 0.289769 -1.369433
80 65 51
2 0 3635 249.13 244.60 8 3646 406.50 142.69
-0.001730 0.159637 -1.131037
89 88 84
2 0 3659 92.22 229.57 8 3647 215.60 141.77
0.127305 0.090019 -1.078787
157 163 136
2 0 3669 358.06 224.72 8 4873 512.27 117.70
0.082857 0.082945 -1.063835
91 91 81
2 0 3696 261.78 206.35 8 3687 392.85 104.59
0.139121 0.107158 -1.135289
134 144 134
2 0 3702 362.20 203.11 8 3698 522.10 91.34
0.082782 0.074812 -1.055571
29 30 33
2 0 3705 264.89 199.88 8 4406 394.41 97.00
-0.036414 0.056120 -0.977707
125 121 109
2 0 3721 -41.95 186.18 8 2695 43.46 110.89
0.071381 -0.009580 -0.943457
211 212 136
5 0 3795 278.99 125.00 8 3764 373.34 14.54 5 3659 233.22 88.34 6 2962 170.77 -55.17 7 4131 265.45 69.92
0.076592 -0.022093 -0.938700
80 104 152
2 0 3841 307.63 93.93 8 2882 402.05 -23.52
0.059528 -0.015233 -0.954406
182 164 89
4 0 3845 240.85 86.15 8 3805 326.44 -25.18 2 1914 331.51 61.90 6 3917 137.81 -101.16
0.054829 -0.016667 -0.955385
192 192 190
6 0 3854 225.56 77.04 8 4949 308.39 -33.34 2 4979 315.94 55.46 1 5738 512.95 -29.07 5 4427 181.49 42.84 7 5401 201.77 38.13
0.160366 0.389883 -1.525352
20 22 13
2 0 4473 283.63 256.63 8 4356 452.65 152.80
0.149992 0.101387 -1.079979
61 61 59
2 0 4474 405.16 256.87 8 4854 573.52 148.21
0.142188 0.095589 -1.075377
66 67 58
2 0 4477 391.33 247.77 8 4860 554.67 138.68
0.121697 0.125109 -1.131275
135 130 110
2 0 4494 321.74 228.55 8 4392 474.60 122.56
0.135289 0.100697 -1.106781
63 65 52
2 0 4500 363.95 218.64 8 4882 522.32 108.19
0.145096 0.102263 -1.115813
81 81 80
2 0 4502 381.75 216.61 8 4403 545.27 104.38
0.145096 0.102263 -1.115813
81 81 80
2 0 4503 381.75 216.61 8 4404 545.27 104.38
0.112423 0.112944 -1.124786
96 82 58
3 0 4506 308.47 211.17 8 4402 456.99 104.96 5 4287 215.33 189.82
-0.062468 0.067887 -0.973101
130 130 122
3 0 4517 -109.29 204.21 8 4383 -19.32 132.51 1 5026 226.76 208.34
0.063961 0.076754 -1.059709
89 81 69
2 0 4528 221.50 189.73 8 4887 343.88 90.08
0.135670 0.069692 -1.094645
82 66 50
2 0 4549 381.92 175.23 8 4911 539.53 57.83
0.072211 -0.007692 -0.943840
31 27 37
7 0 4587 280.75 131.14 8 4450 375.61 21.40 2 4169 376.51 100.46 5 4383 235.65 94.77 3 5673 573.45 -196.13 6 3858 170.55 -49.24 7 5382 268.92 76.22
0.074635 -0.011075 -0.943639
207 206 118
8 0 4593 291.50 122.28 8 4456 388.00 10.26 2 4950 386.73 90.30 5 4391 245.94 85.70 3 5684 584.27 -212.85 4 3441 180.24 95.12 6 3863 182.81 -56.59 7 4839 276.95 63.85
0.071472 -0.014351 -0.942910
223 209 106
5 0 4602 282.27 110.48 8 4939 375.42 -2.34 2 4965 375.01 79.53 5 4402 238.70 74.59 7 4845 266.17 53.75
0.076468 -0.018900 -0.942422
62 87 124
3 0 4611 304.31 100.22 8 3798 399.77 -17.01 6 3888 198.62 -76.36
0.070514 -0.016739 -0.945976
211 196 102
5 0 4612 280.65 98.61 8 4943 372.36 -16.72 2 4972 371.33 67.62 1 5735 585.77 -27.96 3 5697 556.47 -239.55
0.067719 -0.020143 -0.949371
174 165 72
5 0 4624 272.02 80.50 8 4950 361.13 -34.28 2 4980 361.27 54.05 5 3702 228.35 44.96 7 4178 250.56 30.75
0.067606 -0.020760 -0.947865
174 165 72
2 0 4625 272.02 80.50 8 4951 361.13 -34.28
0.038748 -0.023389 -0.940025
216 217 221
4 0 4645 170.19 63.94 8 4955 236.76 -41.42 2 5603 253.36 46.64 5 4982 134.15 26.31
0.098301 -0.030139 -0.959569
201 204 210
2 0 4649 387.68 56.84 8 4980 506.89 -79.93
0.052125 -0.035199 -0.935618
151 152 154
4 0 4661 223.85 38.07 8 4976 291.81 -77.78 1 6105 464.90 -71.33 3 6166 410.18 -280.04
0.052231 -0.035800 -0.933457
151 152 154
2 0 4662 223.85 38.07 8 4977 291.81 -77.78
0.063625 -0.037259 -0.938905
128 128 130
5 0 4665 268.23 35.07 8 4988 346.53 -88.45 2 5623 345.51 4.61 1 6117 522.85 -95.80 3 6173 474.80 -314.58
0.063625 -0.037259 -0.938905
128 128 130
5 0 4666 268.23 35.07 8 4989 346.53 -88.45 2 5624 345.51 4.61 1 6118 522.85 -95.80 3 6174 474.80 -314.58
0.067486 -0.038015 -0.940132
120 121 125
6 0 4667 283.52 33.82 8 4991 365.27 -92.33 2 4265 361.77 0.69 1 5776 543.35 -104.94 5 5000 245.24 -1.96 7 5797 251.75 -31.52
0.067515 -0.038179 -0.938957
120 121 125
2 0 4668 283.52 33.82 8 4992 365.27 -92.33
0.078289 -0.065230 -0.915026
115 94 65
2 0 4710 357.43 -38.14 8 5032 436.06 -193.72
0.095466 -0.071313 -0.918601
131 115 82
2 0 4731 442.62 -56.24 8 5388 549.75 -234.33
-0.024564 0.169074 -1.002132
84 86 81
8 0 5048 -14.93 384.16 8 5215 107.35 303.67 2 5919 136.91 398.82 1 6282 422.63 389.98 5 5223 -92.91 364.03 3 5852 447.54 168.47 4 4832 -246.31 349.31 6 4826 -141.25 131.08
-0.027735 0.166984 -1.011980
82 83 85
5 0 5056 -14.25 364.35 8 5221 107.82 282.22 5 5232 -92.50 342.87 4 4497 -246.13 328.37 6 4830 -141.03 113.39
-0.018873 0.161606 -1.010323
79 81 80
2 0 5057 4.92 362.32 8 4801 123.65 281.36
0.030195 0.108961 -1.064713
112 111 107
4 0 5108 136.83 229.46 8 4861 261.13 134.91 2 5471 278.30 230.01 4 4544 -66.81 195.09
0.122403 0.099272 -1.113440
118 112 85
3 0 5127 336.38 203.38 8 5291 487.33 94.93 5 5283 241.39 181.22
0.027771 -0.030878 -0.928209
94 95 99
7 0 5216 128.87 46.04 8 5343 183.02 -56.62 2 5608 208.08 31.94 1 6077 353.67 -24.24 3 6149 293.78 -217.69 6 4527 36.08 -132.01 7 5789 102.49 -1.05
0.055528 -0.035801 -0.936662
124 126 125
6 0 5221 236.84 37.17 8 4982 307.60 -80.88 2 5620 313.56 11.18 1 6110 481.08 -78.36 5 4997 202.93 0.05 3 6171 429.12 -290.11
0.059933 -0.041463 -0.921473
184 184 186
2 0 5225 256.95 36.04 8 5352 324.48 -84.29
0.059933 -0.041463 -0.921473
184 184 186
2 0 5226 256.95 36.04 8 5353 324.48 -84.29
0.036904 -0.041909 -0.920431
142 143 145
3 0 5231 164.04 21.37 8 5354 214.96 -89.49 5 5338 142.06 -20.67
0.091348 -0.084170 -0.901785
93 76 56
3 0 5282 454.83 -105.66 8 5404 549.20 -303.40 5 5053 432.07 -141.57
0.068037 0.092544 -1.058641
80 70 58
2 0 5538 225.10 223.04 8 5272 351.30 125.07
0.128810 0.108334 -1.123135
171 179 170
3 0 5543 343.25 212.51 8 5288 498.88 102.80 5 5282 247.37 190.68
0.065165 -0.004049 -0.946406
240 230 145
3 0 5582 253.24 133.52 8 5522 344.83 27.88 6 5157 144.39 -50.91
0.057820 -0.014908 -0.956104
48 47 46
7 0 5597 234.47 83.45 8 5530 320.43 -27.93 2 6011 326.36 60.62 5 5320 189.12 49.76 4 4636 127.01 55.16 6 5181 131.31 -103.58 7 5399 211.93 43.60
0.072189 -0.023113 -0.953543
18 33 54
4 0 5602 288.69 69.87 8 5341 382.74 -50.47 2 5605 379.31 39.72 7 5408 265.37 17.62
0.030842 -0.036423 -0.923114
203 204 208
5 0 5610 140.84 34.45 8 5538 189.90 -70.86 2 6242 214.65 18.34 1 6495 354.11 -40.63 7 6119 112.84 -20.29
0.030842 -0.036423 -0.923114
203 204 208
5 0 5611 140.84 34.45 8 5539 189.90 -70.86 2 6243 214.65 18.34 1 6496 354.11 -40.63 7 6120 112.84 -20.29
0.089457 -0.047401 -0.939721
208 212 215
6 0 5618 377.06 13.94 8 5552 482.33 -131.73 5 5336 334.69 -18.83 4 4933 278.31 8.12 6 4536 281.37 -150.02 7 6124 339.95 -67.10
0.141549 0.105508 -1.084605
169 171 150
2 0 5813 382.08 254.71 8 5492 544.94 146.93
0.143714 0.097705 -1.095486
164 169 147
2 0 5816 386.96 228.50 8 5645 550.60 119.06
0.058071 0.092257 -1.060585
16 17 15
3 0 5819 204.09 215.24 8 5281 325.60 118.09 2 6209 341.16 213.78
0.145088 0.084899 -1.098868
188 195 187
3 0 5820 394.16 203.33 8 5504 558.93 89.13 2 6384 558.33 184.82
0.072800 -0.019354 -0.948087
201 179 93
6 0 5837 289.89 85.67 8 5721 383.67 -25.85 2 6400 380.84 59.69 5 5531 244.65 52.08 4 5100 181.45 63.06 7 6112 269.65 34.31
-0.015423 0.162071 -1.006376
73 79 77
7 0 5931 9.54 371.49 8 5698 128.09 290.36 2 6459 155.89 384.70 5 5682 -69.05 349.51 3 6322 471.44 151.40 4 5286 -217.25 335.99 6 5402 -118.92 119.66
0.138324 0.094960 -1.113460
165 175 167
3 0 6025 370.11 203.39 8 5706 531.09 91.49 2 6503 533.50 188.23
-0.028309 0.121051 -1.047774
66 68 65
4 0 6095 16.40 236.82 8 5796 125.02 157.54 2 6531 149.43 252.70 5 5768 -62.03 216.70
0.074221 -0.035040 -0.947497
207 210 215
2 0 6108 305.33 40.09 8 5827 396.61 -89.46
-0.027408 0.166470 -1.004464
70 71 73
7 0 50 -17.22 374.59 2 50 131.41 388.80 1 1386 414.86 379.50 5 74 -96.94 353.71 3 458 440.92 158.40 4 1148 -250.10 339.03 6 445 -144.28 122.50
0.084432 0.077777 -1.064417
100 98 90
2 0 263 267.26 196.67 2 316 407.15 188.05
0.029396 -0.001168 -0.958653
171 171 172
2 0 431 137.27 103.46 2 1857 233.59 92.62
-0.078425 -0.032868 -0.878743
62 48 38
2 0 551 -313.09 26.48 2 534 -192.92 56.56
-0.029844 0.164382 -1.005899
77 78 80
4 0 1172 -21.30 367.33 2 2740 127.17 381.55 1 2808 407.60 371.73 3 3075 435.27 150.98
0.056122 0.093712 -1.067973
49 44 40
4 0 1353 200.36 209.21 2 4048 337.68 207.95 5 1451 121.18 185.58 7 2798 192.01 241.42
0.018254 0.005843 -0.961479
209 210 214
2 0 1532 102.64 112.87 2 3044 201.78 106.61
0.046698 -0.000786 -0.966151
223 191 166
2 0 1549 192.89 106.45 2 1872 291.91 89.60
0.043762 0.000167 -0.966697
193 163 139
2 0 1550 183.91 106.17 2 3063 282.35 91.67
-0.028046 0.169122 -1.001977
86 88 85
6 0 2410 -20.94 381.85 2 2722 128.32 396.86 1 4038 413.28 388.74 5 3391 -100.15 362.51 3 4098 438.98 167.41 6 2764 -147.56 129.47
-0.019955 0.162851 -1.006298
11 12 16
6 0 2421 -0.10 370.03 2 1471 147.70 383.43 1 2809 433.59 371.61 5 2377 -79.46 349.11 3 3074 459.05 151.94 6 1616 -127.93 118.58
-0.003440 0.080761 -1.021926
68 61 58
3 0 2592 58.89 203.48 2 4041 185.79 212.40 5 3568 -8.69 178.92
0.039242 0.038355 -1.005726
218 191 171
2 0 2669 166.55 155.20 2 2980 282.43 148.33
0.037743 0.002709 -0.966064
203 177 162
2 0 2728 163.97 110.72 2 3055 263.36 97.66
0.039027 0.002997 -0.968557
222 194 180
2 0 2729 168.79 109.02 2 4172 268.17 96.57
0.020960 -0.036397 -0.919814
198 199 203
2 0 2831 101.94 31.85 2 4251 176.70 20.24
-0.077601 -0.032072 -0.877677
32 22 16
3 0 2832 -311.64 31.15 2 3103 -191.90 60.74 7 4876 -368.52 15.48
0.007408 -0.083117 -0.848720
126 127 121
2 0 3006 -21.94 -118.25 2 3351 13.82 -115.19
0.003440 -0.088825 -0.848277
168 170 167
2 0 3059 -43.07 -153.88 2 3391 -7.43 -144.00
0.020473 0.064963 -1.024729
116 100 84
2 0 3729 118.94 181.75 2 4888 241.55 182.85
0.052260 0.030613 -1.003700
181 182 177
2 0 3763 203.22 146.54 2 4128 318.20 135.46
0.037497 0.018947 -0.983461
199 178 161
2 0 3779 162.35 133.18 2 4143 269.86 122.97
0.075438 -0.009898 -0.942047
25 42 35
4 0 3788 294.26 128.86 2 4174 390.35 96.73 5 3657 248.67 92.37 6 3859 184.43 -50.62
0.039113 0.008780 -0.974779
218 194 182
2 0 3806 168.64 117.40 2 4163 270.94 106.07
0.040800 0.004424 -0.969993
203 176 160
3 0 3811 173.62 113.38 2 4170 274.30 99.27 1 5136 482.60 30.01
0.020806 -0.001162 -0.954559
217 216 211
2 0 3828 108.91 103.09 2 4177 204.71 94.90
0.049163 -0.012306 -0.957687
178 180 178
2 0 3849 204.38 84.57 2 4207 297.30 64.97
-0.072481 -0.024369 -0.891129
68 56 41
2 0 3874 -262.28 46.69 2 4200 -147.39 71.63
0.016185 -0.043370 -0.911033
108 93 78
2 0 3894 80.29 13.88 8 2973 113.17 -87.95
0.016185 -0.043370 -0.911033
108 93 78
2 0 3895 80.29 13.88 8 2974 113.17 -87.95
-0.023497 -0.119291 -0.815548
109 89 65
2 0 4293 -317.74 -399.25 2 3611 -255.92 -304.79
-0.036839 0.117565 -1.036170
45 46 46
2 0 4485 -7.98 241.22 2 4839 126.83 254.57
0.013336 -0.070238 -0.846486
135 138 131
2 0 4706 1.63 -37.26 2 5033 41.84 -48.47
0.079750 -0.067048 -0.911204
119 95 64
2 0 4714 368.56 -42.25 2 5051 418.92 -88.21
-0.026862 -0.109993 -0.820712
130 105 74
2 0 4923 -309.37 -317.85 2 4483 -240.65 -242.24
0.111383 0.116934 -1.122576
7 4 2
3 0 5117 305.42 219.39 2 5480 462.82 213.79 5 4880 212.18 198.03
0.111484 0.117225 -1.123080
7 4 2
4 0 5118 305.42 219.39 2 5481 462.82 213.79 5 4881 212.18 198.03 7 5274 300.70 249.41
-0.005314 0.088517 -1.022304
198 202 195
5 0 5120 56.77 216.34 2 5475 181.72 226.23 5 4280 -16.55 193.23 3 5909 462.65 -20.78 4 4056 -136.35 176.79
0.049686 0.035958 -1.009283
212 212 214
2 0 5173 195.44 151.15 2 5553 311.96 142.09
0.019009 0.008631 -0.962800
206 207 211
2 0 5190 104.47 119.53 2 5572 205.16 112.78
0.091502 -0.012235 -0.954743
85 108 138
3 0 5192 351.92 116.14 2 6003 452.94 76.43 7 5776 333.85 55.25
0.016244 -0.043235 -0.908728
123 100 78
2 0 5236 78.80 15.92 2 6031 148.58 6.34
-0.027733 -0.059224 -0.860242
40 41 37
2 0 5259 -172.54 -27.83 2 5015 -91.45 -13.51
0.085620 -0.092684 -0.890279
105 88 64
2 0 5289 445.57 -145.70 8 5113 524.26 -360.22
-0.024035 -0.110835 -0.820941
124 98 71
2 0 5381 -291.58 -322.62 2 4493 -227.90 -249.98
-0.013796 -0.120642 -0.813932
120 90 66
3 0 5440 -260.77 -413.39 2 4575 -218.52 -323.31 1 4627 -272.16 -237.87
-0.044578 0.067234 -0.989503
150 152 148
2 0 5548 -52.13 192.42 2 5487 71.31 204.18
0.031649 -0.008633 -0.950357
206 201 199
2 0 5592 143.65 93.14 2 6000 236.05 79.92
0.060097 -0.014631 -0.951490
192 176 79
5 0 5593 242.22 90.74 2 6007 334.11 67.66 1 6361 538.06 -17.50 5 4963 197.34 55.12 4 4632 135.82 59.33
-0.025943 -0.062480 -0.857615
151 155 141
3 0 5634 -171.96 -39.40 2 6038 -91.94 -24.19 5 5551 -166.72 -116.74
-0.029071 -0.064332 -0.856318
149 155 141
2 0 5641 -188.15 -49.44 2 5639 -108.15 -30.95
0.015624 -0.070690 -0.860120
142 143 138
2 0 5642 35.53 -52.58 8 5664 4.54 -159.51
-0.024042 -0.072098 -0.851159
159 162 153
3 0 5647 -179.16 -80.57 2 6044 -106.42 -61.27 5 5558 -165.05 -164.57
-0.021680 -0.117885 -0.812772
120 91 67
3 0 5758 -320.21 -392.46 2 5801 -258.17 -298.31 1 5820 -291.81 -202.99
-0.014022 -0.122341 -0.816568
119 93 66
2 0 5774 -249.40 -423.23 2 5830 -210.36 -333.26
-0.007990 0.142833 -1.032752
70 72 67
5 0 5797 44.06 303.48 2 5945 184.78 317.67 5 5606 -33.50 279.29 6 5132 -86.67 61.76 7 5914 42.57 375.24
-0.004571 0.133644 -1.056104
79 81 78
2 0 5809 63.30 262.46 2 6373 202.30 273.92
0.045417 -0.006267 -0.959052
192 170 155
2 0 5833 189.71 98.33 2 6399 285.20 80.85
0.008804 -0.081027 -0.855224
50 51 43
2 0 5858 -3.30 -109.68 2 6054 34.33 -108.89
-0.028480 -0.115249 -0.816615
95 71 47
2 0 5906 -342.46 -364.37 2 5783 -269.32 -274.64
-0.026037 -0.117560 -0.812423
101 74 53
2 0 5914 -351.15 -389.75 2 6116 -279.46 -293.29
-0.017743 -0.119579 -0.816650
106 85 58
2 0 5916 -273.90 -399.15 2 6123 -225.07 -311.23
-0.010216 0.124147 -1.043836
62 64 59
4 0 6019 47.84 259.13 2 6463 186.01 268.09 5 5688 -28.80 233.03 7 6165 41.33 319.04
0.067147 -0.008085 -0.942372
230 219 148
3 0 6070 262.93 128.85 2 6509 358.28 100.17 5 5740 218.48 90.59
0.005195 -0.088870 -0.848110
203 206 199
3 0 6077 -32.51 -152.31 2 6484 0.96 -145.08 7 6235 -79.03 -302.13
0.004934 -0.093272 -0.850565
42 43 45
2 0 6079 -28.36 -180.72 2 6515 2.40 -168.04
0.083185 -0.017919 -0.952218
67 95 134
2 0 6132 325.91 95.01 2 6580 421.47 60.23
-0.030786 -0.053194 -0.863587
101 105 90
2 0 6149 -177.18 -6.42 2 6581 -92.19 7.67
0.031214 -0.076348 -0.894518
213 214 218
2 0 6169 147.83 -99.01 8 5867 156.79 -229.60
-0.031043 0.165024 -1.004074
37 37 36
4 8 112 94.14 289.45 2 57 123.02 385.13 1 1389 403.69 375.05 3 464 430.98 155.70
0.068825 0.100495 -1.074772
57 49 44
2 8 313 353.17 122.25 2 244 368.11 217.84
0.073201 0.096607 -1.073756
76 72 68
2 8 327 365.37 117.30 2 252 377.99 212.82
-0.062331 0.063927 -0.992851
148 145 136
2 8 361 1.48 99.96 2 320 34.66 187.56
-0.027299 -0.057017 -0.863099
69 71 57
2 8 777 -182.59 -90.93 2 666 -82.71 -7.52
-0.024277 0.166086 -1.002565
91 92 87
2 8 1362 107.54 298.01 2 1454 136.18 392.81
-0.020907 0.165919 -1.003657
88 89 84
2 8 1363 115.22 297.81 2 2725 144.23 392.80
-0.028378 0.168074 -1.004153
29 29 27
5 8 1366 100.19 296.60 2 1455 129.25 392.24 1 2793 412.69 382.99 5 2369 -99.81 356.53 4 2196 -253.38 341.86
-0.029180 0.166856 -1.006367
32 32 30
4 8 1376 99.79 290.66 2 1469 128.66 385.61 5 1247 -99.74 350.94 4 2210 -252.91 335.89
0.055887 0.114740 -1.088703
42 41 37
2 8 1555 322.38 128.75 2 2877 339.18 226.29
-0.015864 0.080186 -1.014276
28 28 28
2 8 1562 127.47 124.05 2 1653 153.08 213.79
0.080196 0.089353 -1.073086
62 62 54
2 8 1594 384.84 105.97 2 1674 395.25 201.43
0.028152 0.079820 -1.041815
28 25 20
2 8 1597 245.84 105.07 2 1682 268.38 198.55
0.084512 0.077942 -1.064828
114 114 105
2 8 1617 398.72 93.44 2 317 407.15 188.05
0.072391 0.051294 -1.022617
236 230 218
2 8 1636 368.08 80.98 2 347 376.99 170.59
0.071247 0.053340 -1.028315
61 58 43
2 8 1641 364.80 78.19 2 357 373.85 168.76
0.056755 -0.016493 -0.958085
168 168 166
3 8 1823 317.15 -35.46 2 1922 323.12 53.77 1 3373 523.61 -34.39
0.017304 -0.057321 -0.880392
163 162 156
2 8 2026 65.48 -110.85 2 2066 117.80 -21.99
0.024781 -0.050149 -0.907775
85 75 65
3 8 2027 147.12 -110.94 2 686 178.80 -17.03 7 833 81.09 -73.26
-0.023454 0.163453 -1.005169
32 31 38
3 8 2509 110.57 290.55 2 2735 139.90 384.27 5 2376 -87.54 348.87
-0.044287 0.084787 -0.949827
34 33 31
2 8 2565 0.45 213.94 2 3961 37.92 293.59
-0.050408 0.069601 -0.983134
176 173 164
2 8 2668 18.73 128.15 2 1649 53.04 214.48
-0.038809 0.059823 -0.983072
127 127 117
2 8 2694 43.46 110.89 2 1683 77.66 197.71
0.063922 0.078435 -1.060128
86 78 70
2 8 2733 343.51 93.19 2 1705 355.57 187.61
0.036091 -0.056668 -0.904891
126 101 75
4 8 3061 197.36 -137.57 2 2097 219.51 -39.61 1 4505 325.22 -103.09 7 3386 128.66 -101.57
0.037824 -0.056832 -0.909811
123 95 73
3 8 3069 211.27 -142.75 2 3219 231.68 -43.77 7 3387 134.84 -103.16
-0.007618 0.086199 -1.021455
50 50 38
3 8 3666 152.46 128.33 2 4869 174.75 221.79 4 3341 -138.90 171.68
-0.005088 0.097637 -1.053354
84 71 62
2 8 3677 177.00 116.55 2 4043 196.95 210.71
0.087398 0.087199 -1.071835
25 17 11
2 8 3684 404.03 105.49 2 4053 413.50 200.61
0.068718 0.057202 -1.034070
41 36 32
2 8 3707 357.08 79.21 2 4091 367.13 170.59
0.053032 -0.005615 -0.952342
56 51 48
2 8 3766 297.66 8.41 2 3060 308.77 92.16
0.068465 -0.018498 -0.957255
167 163 76
2 8 3817 366.12 -39.19 2 3114 364.77 50.45
0.093635 -0.014412 -0.976091
196 197 197
2 8 3824 470.07 -42.62 2 3117 457.08 48.91
0.012975 -0.074712 -0.847823
152 149 130
2 8 3946 -50.05 -168.09 2 3272 41.15 -73.01
0.006673 -0.089476 -0.847120
169 172 163
2 8 4046 -103.79 -271.53 2 3397 4.28 -147.22
-0.065440 0.070612 -0.971002
161 151 144
2 8 4368 -28.73 140.32 2 4863 9.42 225.38
-0.065440 0.070612 -0.971002
161 151 144
2 8 4369 -28.73 140.32 2 4864 9.42 225.38
0.056091 0.079513 -1.032355
106 105 101
2 8 4390 317.17 126.89 2 4037 332.70 217.28
0.069231 0.062089 -1.035508
63 65 54
2 8 4411 358.26 88.84 2 5511 367.70 180.21
0.086759 0.065614 -1.054032
115 104 91
2 8 4415 407.69 80.25 2 5516 415.16 173.60
0.087381 -0.019177 -0.949742
83 115 153
2 8 4482 450.90 -25.93 2 4217 438.94 59.61
0.071712 -0.025422 -0.953074
174 178 190
2 8 4505 380.81 -58.40 2 4244 378.70 32.39
0.015443 -0.037235 -0.917394
108 90 69
2 8 4515 119.24 -70.41 2 4252 155.26 19.18
0.003080 -0.087358 -0.852013
166 170 156
2 8 4624 -104.30 -258.00 2 4378 -0.42 -137.72
0.090183 0.081398 -1.072204
195 195 183
2 8 4885 412.63 94.07 2 5499 421.33 189.21
0.090183 0.081398 -1.072204
195 195 183
2 8 4886 412.63 94.07 2 5500 421.33 189.21
0.064857 -0.021473 -0.954985
194 187 176
2 8 4959 351.14 -47.88 2 4984 351.75 42.53
0.049118 -0.034438 -0.935523
94 94 99
2 8 4975 279.13 -75.78 2 5614 288.61 15.86
0.062457 -0.034856 -0.938976
208 208 208
2 8 4978 340.05 -79.44 2 5003 341.56 12.86
0.095416 -0.030301 -0.957788
207 211 211
2 8 4979 494.03 -79.14 2 5615 471.12 15.53
0.055359 -0.035653 -0.937139
145 144 149
4 8 4981 307.60 -80.88 2 5619 313.56 11.18 1 6109 481.08 -78.36 3 6170 429.12 -290.11
0.034003 -0.041673 -0.918755
150 152 151
3 8 4985 200.17 -87.03 2 5008 222.71 4.59 1 5755 355.27 -57.48
0.051443 -0.059545 -0.905198
132 103 73
2 8 5011 276.34 -152.00 2 5655 284.96 -51.45
-0.024124 0.165328 -1.004969
41 40 45
5 8 5217 109.27 293.11 2 5923 138.87 387.73 3 5860 448.94 157.08 4 4835 -241.43 338.20 6 4827 -137.61 121.92
-0.024124 0.165328 -1.004969
41 40 45
5 8 5218 109.27 293.11 2 5924 138.87 387.73 3 5861 448.94 157.08 4 4836 -241.43 338.20 6 4828 -137.61 121.92
-0.057289 0.063655 -0.974137
155 153 141
2 8 5273 -8.73 123.93 2 5483 29.18 209.90
0.103698 0.123084 -1.124973
67 57 46
2 8 5277 433.48 119.99 2 6206 444.32 220.41
0.103698 0.123084 -1.124973
67 57 46
2 8 5278 433.48 119.99 2 6207 444.32 220.41
0.087822 0.085979 -1.071846
32 22 11
2 8 5287 405.24 103.16 2 5972 414.90 198.20
0.069036 -0.015195 -0.944468
76 102 153
2 8 5329 365.07 -8.67 2 5587 365.98 74.67
0.069059 -0.015417 -0.943573
76 102 153
4 8 5330 365.07 -8.67 2 5588 365.98 74.67 5 4955 230.51 69.52 6 4906 169.00 -74.03
0.085005 -0.018998 -0.944712
95 120 160
2 8 5334 440.64 -18.46 2 5594 429.81 65.44
0.097308 -0.022489 -0.968094
206 207 209
2 8 5344 494.06 -61.34 2 6021 474.17 31.99
0.097308 -0.022489 -0.968094
206 207 209
2 8 5345 494.06 -61.34 2 6022 474.17 31.99
0.018972 -0.055666 -0.897433
174 174 172
2 8 5361 103.66 -124.88 2 5638 144.85 -30.36
0.015608 -0.067196 -0.869614
137 139 126
2 8 5367 30.21 -150.00 2 5657 92.91 -55.88
0.002120 -0.085229 -0.846310
160 163 154
2 8 5389 -128.79 -237.35 2 5092 -16.69 -124.74
0.061855 -0.001118 -0.950578
60 54 60
2 8 5521 331.30 29.65 2 5995 339.59 110.42
-0.043004 -0.070078 -0.853746
77 79 78
2 8 5727 -294.00 -146.83 2 6405 -166.65 -53.99
-0.041043 0.112510 -1.011280
76 74 69
4 8 5795 67.74 177.80 2 6530 105.93 273.22 1 6674 346.74 253.94 3 6411 376.60 43.66
0.016254 -0.048414 -0.911487
212 213 217
2 8 5843 113.53 -109.09 2 6567 150.23 -15.20
0.010598 -0.076718 -0.841338
46 51 46
2 0 709 -21.20 -71.19 8 953 -89.14 -173.20
-0.000389 -0.081568 -0.848525
131 134 127
2 0 778 -65.40 -114.28 5 2033 -29.90 -198.67
-0.019706 0.165178 -1.004758
39 41 40
3 0 1156 -0.95 376.44 5 1234 -80.04 355.35 4 2201 -230.92 341.24
0.038293 0.129463 -1.111963
101 103 98
2 0 1332 162.97 218.88 5 1426 77.64 196.75
-0.024382 0.056995 -0.968651
14 14 14
2 0 1362 -21.18 206.20 5 2558 -80.66 177.75
-0.039226 0.069489 -0.985014
11 12 14
2 0 1363 -43.99 205.34 5 1459 -110.05 177.49
0.097649 0.044568 -1.028788
101 104 88
2 0 1420 317.42 174.49 5 1531 240.96 148.50
-0.045449 0.059025 -0.989540
134 134 126
2 0 1423 -52.62 174.18 5 1543 -118.60 145.18
0.055114 -0.004058 -0.947483
164 156 88
2 0 1500 218.79 125.62 5 2665 174.25 89.22
-0.073104 -0.025794 -0.886387
30 24 18
2 0 1663 -275.67 46.67 5 2826 -320.28 -12.43
0.117928 -0.058310 -0.941183
196 201 204
2 0 1752 509.10 -10.63 5 723 451.02 -38.27
0.011352 -0.077075 -0.860573
120 122 109
2 0 1861 17.21 -90.75 8 3164 -22.25 -199.31
-0.026766 0.168576 -0.999475
81 85 84
3 0 2403 -19.11 386.72 5 2363 -99.79 365.75 3 1724 438.85 169.84
-0.024739 0.167289 -1.003170
85 87 85
3 0 2411 -12.70 379.47 5 2366 -92.39 358.92 4 2189 -245.02 344.47
0.133196 0.139304 -1.087792
76 78 62
2 0 2472 347.76 305.25 5 1327 250.97 277.93
0.195786 0.400701 -1.544419
54 55 49
2 0 2516 314.33 262.64 5 1344 194.06 251.64
0.426785 0.303848 -1.588260
132 129 120
2 0 2581 562.33 215.93 5 1413 409.49 203.37
0.024192 0.077093 -1.039560
94 81 73
2 0 2617 129.12 191.98 5 2566 57.58 167.49
-0.022652 0.045206 -0.964941
45 45 37
2 0 2637 -17.55 185.05 5 2579 -75.00 153.63
0.116037 0.004583 -1.004819
102 98 88
2 0 2721 400.29 116.76 2 3076 524.99 81.16
0.053125 -0.009010 -0.953960
71 59 49
2 0 2746 215.47 100.91 5 2708 170.42 66.36
-0.028205 -0.050562 -0.842687
183 184 189
5 0 2826 -223.35 36.86 2 1944 -130.98 43.30 5 3762 -218.15 -42.09 4 3654 -145.54 -106.60 7 4263 -265.23 -64.04
-0.028137 -0.050755 -0.842550
183 184 189
4 0 2827 -223.35 36.86 5 3763 -218.15 -42.09 4 3655 -145.54 -106.60 6 3009 -345.98 -83.57
-0.028930 -0.051905 -0.842158
167 168 172
4 0 2836 -228.09 30.81 5 3769 -222.66 -49.76 4 3666 -148.37 -115.80 7 4270 -270.42 -72.33
0.076988 -0.075559 -0.906333
107 87 63
2 0 2964 366.00 -76.44 5 3835 347.52 -115.55
-0.043846 0.079629 -0.943761
81 80 78
2 0 3577 -98.06 284.08 5 3487 -162.22 255.23
-0.044747 0.081695 -0.946514
81 80 78
3 0 3578 -98.06 284.08 5 3488 -162.22 255.23 6 3757 -217.48 67.23
0.166069 0.406061 -1.530812
27 25 15
2 0 3604 286.26 267.92 5 3489 167.86 255.26
0.040646 0.114640 -1.086854
108 110 105
3 0 3678 165.90 219.20 5 2537 83.89 196.11 4 3325 -50.09 189.79
0.087730 0.088015 -1.073927
34 26 24
3 0 3693 270.19 207.98 5 2545 187.75 183.92 4 2378 55.24 183.49
0.366939 0.289008 -1.557816
128 109 83
3 0 3700 510.54 204.58 5 2538 367.01 193.91 7 3911 492.67 251.60
-0.021384 0.051454 -0.964343
35 35 35
2 0 3704 -16.17 201.18 5 4314 -74.10 171.06
0.032264 -0.029413 -0.931085
207 208 212
2 0 3873 146.48 50.58 5 3730 115.53 10.35
-0.026690 -0.052196 -0.842083
183 184 188
2 0 3886 -217.71 31.26 5 4480 -210.91 -49.20
-0.026927 -0.052046 -0.842431
183 184 188
3 0 3887 -217.71 31.26 5 4481 -210.91 -49.20 7 4910 -259.27 -74.30
-0.043135 -0.098323 -0.826613
109 82 68
2 0 4139 -369.09 -236.58 2 3430 -272.35 -170.73
-0.042296 -0.107535 -0.817382
85 61 39
2 0 4197 -416.45 -307.30 8 4684 -568.40 -370.78
0.001147 0.127290 -1.079006
85 84 80
2 0 4490 85.39 230.71 5 4267 4.56 208.28
0.400533 0.312051 -1.566705
145 141 124
2 0 4495 538.76 227.54 5 4263 389.97 214.05
0.122871 0.107569 -1.113285
136 140 126
3 0 4501 333.29 216.92 2 4876 492.85 209.23 5 4276 239.52 196.95
0.373556 0.288721 -1.554335
121 103 71
3 0 4509 518.68 207.40 5 4277 374.42 196.42 7 4725 501.54 253.49
-0.052062 0.070448 -0.981034
135 135 127
2 0 4513 -76.93 205.41 5 4305 -144.86 176.77
0.181507 0.070246 -1.114873
87 76 57
2 0 4543 478.17 177.67 5 4324 368.86 156.05
0.068206 -0.001830 -0.943016
143 144 136
2 0 4573 262.85 147.25 5 4369 217.23 110.90
0.062350 -0.008864 -0.944739
232 213 117
3 0 4594 245.76 119.19 5 4393 202.87 83.38 6 4485 139.67 -63.46
-0.069644 -0.019509 -0.881720
37 37 37
2 0 4628 -275.01 77.14 5 4442 -319.11 19.82
0.113320 -0.017363 -0.985941
205 209 212
2 0 4632 416.64 76.04 2 5607 528.68 33.64
0.070534 -0.025186 -0.953022
180 184 194
2 0 4646 284.68 63.04 5 4434 239.18 29.76
0.098365 -0.030041 -0.959609
201 204 210
2 0 4648 387.68 56.84 5 4436 331.90 27.15
-0.026531 -0.053952 -0.841466
177 178 182
3 0 4671 -218.22 23.33 2 4991 -131.54 29.71 5 5019 -210.93 -57.94
-0.025829 -0.053848 -0.843052
180 187 180
3 0 4672 -210.38 22.38 2 4992 -123.95 28.14 7 5450 -252.07 -85.13
0.069338 -0.061222 -0.926713
131 107 79
2 0 4705 310.12 -36.59 5 4491 280.64 -74.39
-0.082742 -0.079886 -0.824709
59 41 29
2 0 4789 -554.77 -143.87 2 4308 -398.70 -71.33
-0.031975 -0.110828 -0.817289
115 87 66
2 0 4932 -358.50 -328.77 2 4491 -277.04 -245.11
-0.035439 -0.112337 -0.812439
123 92 61
2 0 4948 -407.93 -347.51 2 3540 -314.69 -252.61
-0.040209 -0.118319 -0.809391
119 93 70
2 0 4991 -461.08 -402.62 2 4522 -355.03 -288.26
0.180144 0.427382 -1.515279
178 182 159
2 0 5087 296.66 295.71 5 4849 176.76 281.83
-0.005679 0.092154 -1.028978
198 202 195
3 0 5121 56.77 216.34 5 4281 -16.55 193.23 4 4057 -136.35 176.79
0.090629 0.082078 -1.073337
198 191 198
3 0 5134 278.84 198.36 5 4889 195.83 174.95 7 5288 271.95 217.15
0.077987 -0.010648 -0.941641
220 205 103
3 0 5183 303.92 128.60 5 4946 257.83 92.20 7 5772 292.13 67.62
0.084886 -0.019797 -0.956734
192 199 198
2 0 5207 332.06 84.63 5 4420 280.33 51.96
0.074872 -0.027329 -0.953238
186 194 207
3 0 5213 300.73 58.38 5 4985 255.41 25.65 7 5788 275.30 3.23
0.043497 -0.033912 -0.932122
111 112 116
2 0 5219 189.89 41.06 5 4993 158.72 2.15
0.117305 -0.056426 -0.941797
140 143 146
2 0 5249 503.58 -4.48 5 5012 445.58 -32.42
0.117765 -0.056371 -0.942806
140 143 146
3 0 5250 503.58 -4.48 5 5013 445.58 -32.42 6 3997 403.90 -159.25
-0.077275 -0.082164 -0.825969
69 51 39
2 0 5292 -526.57 -154.16 2 5045 -378.18 -83.37
-0.055879 -0.108078 -0.805041
63 51 38
2 0 5384 -575.03 -325.68 2 5166 -426.22 -215.37
-0.055879 -0.108078 -0.805041
63 51 38
2 0 5385 -575.03 -325.68 2 5167 -426.22 -215.37
-0.044895 -0.110375 -0.812698
128 100 73
2 0 5389 -461.77 -333.34 2 5183 -349.28 -235.18
-0.049232 -0.111033 -0.807391
64 50 37
2 0 5396 -522.77 -345.78 2 5184 -392.67 -236.79
-0.050512 -0.111457 -0.802191
120 92 70
2 0 5408 -568.96 -356.35 2 5189 -425.61 -238.81
-0.037186 -0.115388 -0.811713
103 79 51
2 0 5414 -425.09 -374.13 2 5226 -328.48 -270.54
-0.037650 -0.119288 -0.807366
94 67 46
2 0 5442 -459.02 -415.60 2 5250 -356.15 -296.36
0.196085 0.476379 -1.488959
186 192 166
3 0 5496 304.27 353.23 2 6184 514.11 379.21 5 5235 182.71 336.25
-0.015237 0.147213 -1.041224
81 83 79
2 0 5512 32.47 296.79 5 5250 -46.27 276.82
-0.094301 -0.054686 -0.834673
30 32 31
2 0 5630 -534.80 -26.37 2 4995 -371.63 22.94
-0.034332 -0.063961 -0.850657
68 71 65
2 0 5639 -227.38 -45.81 2 5020 -141.18 -24.18
-0.034332 -0.063961 -0.850657
68 71 65
2 0 5640 -227.38 -45.81 2 5021 -141.18 -24.18
-0.052971 -0.109474 -0.803387
117 87 61
2 0 5722 -571.81 -338.66 2 5728 -426.46 -224.75
-0.051603 -0.110012 -0.806906
65 47 37
2 0 5723 -538.61 -338.83 2 5180 -403.45 -228.74
-0.034872 -0.112868 -0.810641
127 97 67
2 0 5730 -415.28 -354.81 2 5753 -321.73 -255.70
-0.020168 -0.114422 -0.818475
113 86 57
2 0 5731 -279.51 -353.89 1 5307 -250.96 -193.64
-0.052278 -0.112126 -0.802240
103 70 51
2 0 5735 -579.64 -362.43 2 5191 -432.99 -241.70
-0.023888 -0.114573 -0.794746
96 71 47
2 0 5764 -451.50 -398.21 2 5232 -359.67 -276.75
-0.034242 -0.120065 -0.807939
106 80 55
2 0 5772 -434.25 -420.41 2 5807 -339.35 -305.50
-0.046128 -0.104439 -0.815508
96 75 54
2 0 5895 -446.94 -286.32 2 6078 -335.87 -199.32
0.119508 -0.050589 -0.950637
202 206 209
3 0 5966 497.50 10.17 5 5651 434.93 -17.85 4 5238 352.92 20.71
-0.041626 -0.065581 -0.850046
180 183 176
3 0 5968 -262.01 -58.52 2 6251 -167.49 -30.43 7 6131 -312.88 -146.73
-0.030387 -0.114452 -0.813694
134 105 75
2 0 6054 -370.05 -362.68 2 6426 -289.89 -268.53
-0.040508 0.115337 -1.018658
78 77 73
2 0 6066 -26.72 254.46 5 5767 -101.65 232.77
0.112786 -0.051276 -0.937335
206 213 215
2 0 6073 483.47 17.59 5 5700 428.18 -14.65
0.023199 0.113276 -1.040056
114 114 109
3 0 6094 119.51 258.76 5 5766 40.80 237.26 7 6246 116.01 305.38
-0.047221 -0.058561 -0.852803
17 17 15
3 0 6111 -276.91 -30.13 8 5809 -299.62 -87.59 2 6512 -175.93 -5.28
-0.096246 -0.067436 -0.835584
100 70 46
3 0 6112 -545.01 -91.33 8 5810 -555.37 -114.07 2 6514 -385.61 -28.09
-0.035170 -0.106920 -0.818581
133 108 78
2 0 6115 -368.56 -298.79 2 6487 -281.37 -219.54
-0.025016 0.175733 -1.017139
42 43 45
2 0 6121 -5.30 372.96 5 5792 -86.58 352.80
0.211164 0.539197 -1.463180
187 195 157
2 8 81 494.66 321.86 5 34 185.10 400.80
-0.027097 0.169524 -1.005856
46 47 42
2 8 98 103.89 297.13 5 70 -96.14 357.23
-0.025905 0.165767 -1.007350
72 72 74
2 8 113 107.12 289.27 5 1249 -91.72 348.71
-0.015514 0.161230 -1.006835
45 47 46
5 8 114 128.79 287.65 5 81 -68.71 347.19 3 1755 470.29 150.30 4 68 -217.61 333.09 6 452 -118.46 117.68
-0.023419 0.148146 -0.999230
44 46 43
2 8 127 105.11 272.40 5 1280 -86.59 329.36
0.133647 0.161164 -1.172012
113 114 97
2 8 250 485.24 144.35 2 180 497.50 249.03
0.133647 0.161164 -1.172012
113 114 97
2 8 251 485.24 144.35 2 181 497.50 249.03
0.027576 0.046191 -1.009472
119 116 113
3 8 421 233.90 69.90 5 388 73.43 134.73 4 357 -28.68 124.72
0.013559 -0.066908 -0.866159
93 93 79
2 8 895 10.73 -144.49 1 727 133.36 -68.34
0.195133 0.573923 -1.456168
33 32 27
2 8 1292 471.74 349.12 5 1174 164.21 426.30
-0.021433 0.160565 -1.013135
90 91 91
4 8 1393 119.71 273.66 5 2401 -75.75 334.06 3 3083 461.01 136.38 4 2229 -227.83 317.61
-0.054186 0.062391 -0.965347
160 152 149
2 8 1543 -11.19 133.93 1 1562 233.71 209.14
0.046338 0.102576 -1.072966
106 107 101
2 8 1567 299.25 120.64 5 1433 98.25 192.22
0.114072 0.116904 -1.117901
153 145 116
2 8 1571 460.29 119.79 2 1638 470.03 219.20
0.134272 0.130446 -1.101771
86 90 76
2 8 2605 510.32 170.60 2 2830 521.08 268.58
0.131228 0.063685 -1.066896
108 102 81
2 8 2754 538.84 75.09 2 2956 536.14 169.16
0.113895 -0.022755 -0.975503
203 204 206
2 8 2950 568.47 -68.36 2 3154 537.42 26.70
0.113895 -0.022755 -0.975503
203 204 206
2 8 2951 568.47 -68.36 2 3155 537.42 26.70
0.097699 -0.033891 -0.954920
202 205 215
2 8 2977 508.65 -89.58 2 3174 482.70 5.75
0.105472 -0.032445 -0.960964
152 153 155
2 8 2981 543.74 -90.02 2 3173 512.44 6.38
0.103234 -0.033302 -0.958838
139 142 147
2 8 2985 534.35 -91.30 2 3175 504.12 5.12
0.103234 -0.033302 -0.958838
139 142 147
2 8 2986 534.35 -91.30 2 3176 504.12 5.12
0.091623 -0.055138 -0.917217
212 213 215
2 8 3071 510.24 -143.61 5 1823 374.30 -24.93
0.015840 -0.074819 -0.844529
156 150 137
2 8 3112 -43.86 -164.19 1 3449 67.42 -74.85
0.012466 -0.076571 -0.842530
135 134 128
2 8 3127 -73.08 -174.16 1 3450 42.97 -75.62
-0.025443 0.175546 -0.999564
106 108 102
2 8 3492 103.66 318.42 5 3374 -98.39 378.41
0.132427 0.135868 -1.083376
68 68 57
2 8 3571 507.92 204.22 2 3956 521.51 300.50
0.072482 -0.005071 -0.944083
223 211 106
4 8 3751 376.46 30.71 5 3644 233.46 102.19 4 3411 164.59 109.05 6 2949 169.46 -43.01
0.092743 -0.011318 -0.955154
90 116 134
2 8 3782 470.55 -2.66 5 2672 300.20 84.43
0.114365 0.006633 -1.005735
160 161 155
2 8 3791 533.93 -5.77 5 3656 318.46 93.32
0.113299 -0.004722 -0.995424
158 164 158
2 8 3811 541.33 -29.41 5 2694 330.54 74.00
0.092807 -0.023946 -0.965735
201 205 206
2 8 3847 474.84 -64.44 5 2765 303.78 35.82
0.031145 -0.038772 -0.920977
200 200 202
2 8 3852 189.31 -77.76 1 4442 349.45 -47.03
0.020265 -0.060435 -0.889562
171 169 170
2 8 3908 95.75 -139.15 1 5237 223.48 -81.23
0.123833 0.099209 -1.095188
78 78 67
2 8 4395 494.82 114.29 5 4273 249.64 199.74
0.123833 0.099209 -1.095188
78 78 67
2 8 4396 494.82 114.29 5 4274 249.64 199.74
0.128865 0.067025 -1.068842
109 103 79
2 8 4417 529.80 79.35 2 5514 527.51 174.11
0.074285 -0.004509 -0.944125
47 49 60
2 8 4445 384.30 33.07 5 4373 239.24 105.55
0.074285 -0.004509 -0.944125
47 49 60
2 8 4446 384.30 33.07 5 4374 239.24 105.55
0.114671 0.003926 -1.004648
204 203 214
2 8 4472 537.25 -12.69 5 2668 321.89 87.80
-0.025441 -0.045938 -0.869738
212 214 219
2 8 4494 -145.15 -48.41 1 4298 37.59 43.34
-0.056065 0.091002 -1.003734
14 14 10
2 8 4856 29.85 144.37 1 6464 289.68 215.64
0.145963 0.057879 -1.081725
104 92 68
2 8 4914 581.22 49.06 2 5547 573.65 145.22
0.145963 0.057879 -1.081725
104 92 68
2 8 4915 581.22 49.06 2 5548 573.65 145.22
0.067160 -0.020239 -0.955490
115 104 69
3 8 4956 360.36 -43.48 5 4972 222.53 40.64 7 4866 246.39 25.87
0.018300 -0.068193 -0.868351
110 111 97
2 8 5013 40.92 -154.45 1 5766 156.58 -83.81
0.096130 -0.084253 -0.907588
75 62 46
2 8 5091 580.02 -308.56 2 5124 511.13 -170.74
0.176073 0.406618 -1.484936
175 187 150
2 8 5249 470.66 192.62 2 5946 494.83 315.52
0.153324 0.079933 -1.118453
122 107 82
2 8 5306 576.27 59.51 5 5288 307.63 158.17
0.118998 -0.008143 -0.993855
104 97 71
2 8 5339 568.92 -37.93 5 4954 350.84 70.35
-0.026296 -0.044970 -0.871317
212 215 222
2 8 5340 -143.26 -46.89 1 6054 40.19 44.80
0.115627 -0.002593 -0.991606
121 100 72
3 8 5525 552.27 -16.65 5 5310 335.05 85.37 7 5387 390.04 64.26
-0.025400 -0.047419 -0.865916
78 78 70
2 8 5534 -157.54 -48.62 1 6347 26.26 43.83
-0.024602 -0.058285 -0.849009
117 119 105
2 8 5541 -221.53 -74.56 1 6060 -34.78 30.41
0.086958 -0.030018 -0.966731
192 195 200
2 8 5549 451.35 -89.08 5 5536 289.20 12.57
0.093756 -0.049193 -0.937392
205 209 212
3 8 5553 507.58 -136.99 2 6253 474.78 -35.14 5 5339 353.64 -19.77
-0.027871 0.165687 -1.003588
48 48 46
4 8 5616 100.62 293.57 5 5597 -98.58 353.21 3 6230 438.57 158.45 4 5284 -250.89 338.49
0.012409 -0.077720 -0.840527
132 135 129
2 8 5729 -81.99 -179.47 1 6501 33.73 -78.41
-0.051568 -0.093650 -0.821872
115 84 64
2 8 5731 -538.01 -257.16 1 6368 -265.86 -55.24
0.014378 -0.073760 -0.843251
126 128 115
2 8 5772 -55.98 -155.96 1 6585 59.07 -63.47
0.005536 -0.093158 -0.850476
49 50 52
2 8 5812 -101.65 -299.73 1 6648 7.87 -164.72
-0.029052 -0.054734 -0.860057
105 107 93
2 8 5851 -197.79 -75.21 1 6706 -11.13 27.25
-0.029052 -0.054734 -0.860057
105 107 93
2 8 5852 -197.79 -75.21 1 6707 -11.13 27.25
-0.032303 0.167173 -1.009949
34 36 33
3 2 66 123.50 380.97 5 84 -103.45 343.65 6 456 -150.01 112.72
-0.057943 0.062220 -0.990756
141 141 128
2 2 314 42.63 188.56 5 1544 -148.08 144.19
-0.038367 0.022511 -0.945273
14 16 11
2 2 389 35.63 152.84 1 293 214.43 139.10
-0.017469 0.160830 -1.014069
18 20 19
2 2 1481 157.10 370.24 5 1265 -68.66 334.56
-0.017469 0.160830 -1.014069
18 20 19
2 2 1482 157.10 370.24 5 1266 -68.66 334.56
0.044436 0.104663 -1.080145
49 50 55
2 2 1659 312.28 211.97 5 1445 94.34 189.08
0.139920 0.103575 -1.120512
242 247 243
2 2 1681 533.45 198.93 5 245 270.45 190.64
-0.029955 -0.063026 -0.853046
105 108 99
2 2 2068 -118.53 -22.56 1 1925 -46.96 7.16
0.109550 0.043014 -1.032620
106 98 78
2 2 2979 486.47 151.57 5 368 269.06 146.78
0.078664 -0.007809 -0.943531
46 45 51
4 2 3047 403.31 101.94 5 3647 256.58 99.32 4 3412 187.00 109.16 7 4832 292.54 76.36
0.065452 -0.022011 -0.954901
209 208 201
2 2 3134 354.25 41.04 5 2767 219.30 34.38
-0.045655 -0.105828 -0.815530
136 113 82
2 2 3484 -335.07 -207.42 1 2160 -306.35 -107.19
0.082830 -0.099446 -0.882552
120 93 72
2 2 3524 449.66 -239.92 1 5509 508.95 -421.09
-0.052218 0.029558 -0.883468
182 182 184
3 2 4005 -84.76 253.00 5 3543 -260.36 211.82 6 3753 -330.99 75.11
-0.050876 0.067087 -0.992646
29 25 14
2 2 4054 60.05 199.11 5 4323 -131.10 156.67
-0.051615 0.040834 -0.963797
179 174 178
2 2 4088 26.97 172.07 1 5050 219.84 159.58
-0.097214 -0.074745 -0.825919
87 61 41
2 2 4290 -429.90 -49.65 1 4297 -302.92 43.70
-0.086709 -0.081618 -0.823723
104 74 55
2 2 4316 -414.87 -78.21 1 4338 -304.73 17.11
-0.054841 0.082459 -0.973486
195 192 186
2 2 4843 36.98 251.43 1 5611 257.77 242.19
-0.056216 0.070099 -0.979349
146 146 138
2 2 4872 37.31 218.21 5 4306 -156.20 175.69
0.082756 0.080826 -1.059589
89 71 54
2 2 4881 402.79 199.28 5 2552 181.95 182.07
0.111850 -0.015079 -0.982483
202 206 209
2 2 4983 524.09 44.30 5 2729 343.84 57.28
-0.039664 -0.111679 -0.811396
138 110 82
2 2 5200 -336.38 -245.61 1 5270 -326.01 -138.14
-0.024907 -0.114850 -0.815238
117 91 64
2 2 5230 -259.37 -275.12 1 4577 -280.07 -183.35
-0.007539 -0.123703 -0.813161
126 101 71
2 2 5287 -193.93 -351.39 1 5375 -266.45 -270.26
0.030150 -0.039058 -0.927862
154 155 159
2 2 5621 215.25 5.79 1 6097 353.35 -56.95
0.045678 -0.061340 -0.892794
120 93 64
3 2 5652 252.07 -48.75 5 5024 200.61 -72.31 4 4944 210.76 -58.46
-0.053752 -0.090975 -0.827402
108 88 66
3 2 5693 -300.99 -130.55 1 5748 -243.90 -48.16 7 6037 -481.86 -322.02
-0.046254 -0.106064 -0.815200
139 116 83
2 2 5726 -339.09 -208.50 1 5779 -309.63 -107.02
0.045105 -0.026617 -0.938179
183 184 189
2 2 6018 275.48 39.35 5 5326 158.35 21.72
-0.078235 -0.092792 -0.815034
117 90 60
2 2 6058 -437.30 -127.35 1 5729 -343.77 -16.99
-0.000906 0.199327 -1.202301
100 101 96
2 2 6202 255.14 243.11 5 4874 14.15 209.34
-0.105689 -0.075891 -0.822181
70 51 35
2 2 6256 -469.26 -51.37 1 6345 -331.15 49.34
0.054113 -0.063853 -0.893545
119 90 60
2 2 6258 291.91 -59.51 5 5547 241.37 -76.03
-0.027227 -0.093395 -0.839955
214 217 222
2 2 6547 -162.22 -153.74 1 6664 -136.20 -105.98
-0.026933 -0.058333 -0.842597
55 58 49
4 0 604 -218.20 -0.47 8 2944 -254.67 -63.54 2 2014 -131.87 9.17 7 2174 -261.85 -112.95
-0.028128 -0.059810 -0.843429
137 140 131
2 0 620 -220.52 -11.13 7 899 -264.46 -119.49
-0.023660 0.164149 -1.006544
32 33 35
2 0 1166 -7.98 369.60 6 450 -135.20 118.14
0.373875 0.283342 -1.524925
119 118 114
2 0 1338 530.19 217.78 7 2768 514.65 261.22
0.079517 -0.016217 -0.941460
90 110 128
2 0 1537 313.65 112.06 7 1894 298.12 47.83
0.075334 -0.061209 -0.918400
137 108 77
2 0 1778 338.68 -26.26 3 5337 457.90 -431.01
-0.090895 -0.051497 -0.851679
114 115 117
2 0 1779 -448.00 -27.61 1 404 -176.48 78.35
-0.090734 -0.050833 -0.854695
170 173 181
2 0 1780 -438.64 -27.61 7 3344 -502.19 -61.66
0.082088 -0.094508 -0.873630
203 197 198
3 0 1938 449.11 -152.56 8 5783 507.75 -371.99 2 6419 449.45 -212.49
0.082088 -0.094508 -0.873630
203 197 198
3 0 1939 449.11 -152.56 8 5784 507.75 -371.99 2 6420 449.45 -212.49
-0.046094 0.085783 -0.947665
28 29 24
2 0 2486 -100.46 290.36 6 2826 -220.00 72.32
0.115139 0.074387 -1.078402
109 103 84
2 0 2620 336.23 190.19 7 2854 328.45 199.63
0.061851 0.000072 -0.943583
134 137 129
2 0 2677 239.39 147.91 6 1758 129.08 -36.96
-0.027682 -0.050306 -0.843229
110 110 118
2 0 2822 -218.47 37.93 7 3350 -260.03 -64.44
-0.029150 -0.051712 -0.842417
167 168 172
2 0 2835 -228.09 30.81 7 4271 -270.42 -72.33
-0.043680 -0.096696 -0.825062
70 51 37
2 0 3148 -379.02 -226.69 7 4535 -439.79 -372.86
0.193169 0.441612 -1.512888
176 180 157
2 0 3549 308.03 311.63 7 3787 314.33 400.54
0.345687 0.316280 -1.560759
117 106 90
2 0 3675 480.22 221.43 7 3891 466.48 274.60
0.370858 0.274041 -1.530702
138 125 101
2 0 3699 527.53 205.93 7 4732 508.64 249.19
0.093133 0.084586 -1.073865
130 124 100
2 0 3701 283.17 203.56 7 3938 277.84 222.38
0.064709 -0.062086 -0.912477
126 100 73
2 0 3919 293.17 -31.61 4 3581 256.21 -49.89
0.081683 -0.064690 -0.917544
128 111 82
2 0 3926 371.21 -36.49 4 3567 311.02 -40.49
-0.092879 -0.064324 -0.836908
55 38 25
2 0 3970 -524.76 -75.49 5 4550 -581.35 -183.30
-0.023720 -0.073802 -0.846093
177 180 172
2 0 3981 -191.40 -86.56 1 630 -68.31 -29.09
0.077948 -0.102620 -0.876724
123 99 74
2 0 4088 427.95 -202.18 1 5936 456.81 -425.73
0.373258 0.293547 -1.548757
145 147 127
2 0 4505 519.76 214.63 7 4714 502.13 260.52
0.164285 0.091259 -1.117018
185 185 177
2 0 4510 428.03 206.42 4 4041 169.77 192.53
0.164285 0.091259 -1.117018
185 185 177
2 0 4511 428.03 206.42 4 4042 169.77 192.53
0.122728 -0.066709 -0.932685
196 199 203
2 0 4703 551.06 -33.38 7 4966 496.26 -149.13
0.012872 -0.077084 -0.859730
148 146 133
5 0 4750 22.96 -89.36 8 5036 -14.70 -199.36 2 5060 62.53 -94.03 1 5254 95.39 -107.01 6 4581 -41.20 -220.56
0.009511 -0.083622 -0.850994
149 153 138
2 0 4774 -5.93 -121.16 6 4599 -68.17 -250.51
0.083053 -0.097185 -0.884500
72 62 62
3 0 4808 443.56 -169.69 2 5179 449.23 -227.54 1 6246 517.03 -406.75
-0.053411 -0.109671 -0.807432
67 50 40
2 0 4938 -544.89 -335.80 1 3507 -368.33 -103.90
0.404459 0.288862 -1.568353
126 123 104
2 0 5124 549.02 207.85 7 5272 528.88 250.30
-0.026885 -0.056045 -0.844386
119 121 108
3 0 5241 -211.73 8.00 8 4962 -246.41 -54.35 2 4999 -126.15 16.70
-0.094173 -0.062495 -0.838637
57 44 36
2 0 5270 -520.21 -68.30 5 5375 -578.70 -174.44
0.073031 -0.105927 -0.870661
96 77 66
2 0 5328 407.72 -226.10 2 6106 392.00 -275.03
0.073704 -0.113957 -0.863535
102 77 57
2 0 5354 433.01 -281.32 2 6131 398.11 -329.15
0.074367 -0.125403 -0.849333
86 68 42
2 0 5421 481.78 -382.35 2 5892 406.51 -425.20
0.066236 0.116469 -1.014126
125 126 121
2 0 5505 208.87 326.40 7 5650 223.61 356.35
0.417944 0.335172 -1.595071
170 171 153
2 0 5533 542.90 236.17 7 5931 529.68 283.08
0.360262 0.302869 -1.552097
146 145 127
2 0 5542 501.43 217.70 7 5693 486.49 266.99
-0.026008 -0.057881 -0.850186
115 117 104
5 0 5625 -192.38 -7.65 8 5540 -221.53 -74.56 2 6033 -108.51 3.02 1 6059 -34.78 30.41 3 5938 -133.14 -116.44
0.010947 -0.078301 -0.857658
72 76 61
4 0 5649 10.54 -95.66 8 5559 -32.64 -203.68 2 6053 49.50 -97.72 1 6124 78.78 -106.89
-0.055103 -0.089303 -0.823980
96 76 69
2 0 5665 -438.59 -184.35 5 5574 -434.53 -318.32
-0.050209 -0.092453 -0.826273
108 81 64
3 0 5667 -404.69 -201.59 5 5575 -390.89 -335.49 7 6038 -468.65 -335.73
-0.033946 -0.103936 -0.821267
115 91 71
3 0 5683 -346.40 -274.66 2 5724 -262.53 -202.67 5 5585 -300.42 -418.99
0.062130 -0.118566 -0.849404
107 85 62
2 0 5713 370.17 -329.56 2 6148 316.05 -360.54
-0.039053 -0.112673 -0.810592
60 46 37
4 0 5729 -441.73 -353.94 2 5206 -338.61 -252.43 1 5277 -330.61 -143.18 3 5193 -463.72 -243.49
-0.037636 -0.114475 -0.809872
110 82 61
3 0 5740 -439.54 -368.95 2 5776 -337.27 -265.37 1 5799 -335.89 -153.56
-0.039647 -0.114629 -0.808866
60 48 34
2 0 5745 -457.85 -372.65 1 5282 -345.47 -149.70
-0.039789 -0.116790 -0.806425
122 96 69
3 0 5761 -477.22 -394.92 2 5235 -366.94 -278.89 1 5285 -363.62 -158.13
0.005151 -0.074087 -0.843085
155 158 151
3 0 5854 -48.56 -63.24 8 5556 -111.85 -155.89 2 6259 -6.23 -64.71
-0.053322 -0.078523 -0.840387
215 218 223
2 0 5859 -350.96 -126.98 1 6075 -173.89 -17.01
-0.055354 -0.091787 -0.826041
65 52 43
3 0 5870 -429.36 -200.92 2 6268 -315.60 -131.60 1 6089 -254.26 -49.50
0.098574 -0.104821 -0.883975
82 66 45
2 0 5873 554.50 -206.69 7 6149 468.92 -380.68
0.098574 -0.104821 -0.883975
82 66 45
2 0 5874 554.50 -206.69 7 6150 468.92 -380.68
0.094819 -0.106049 -0.880531
106 89 63
2 0 5875 538.09 -216.09 7 6151 453.61 -392.86
-0.054694 -0.099748 -0.818281
128 102 78
2 0 5885 -474.12 -254.12 1 6107 -300.24 -72.49
-0.034811 -0.108664 -0.817862
128 102 75
2 0 5901 -371.36 -311.95 1 5794 -277.61 -139.45
-0.033864 -0.117475 -0.808154
105 75 56
2 0 5915 -427.92 -398.48 1 5808 -343.47 -172.48
-0.023158 -0.119368 -0.811198
111 79 58
2 0 5918 -339.38 -408.69 3 5732 -481.83 -302.39
0.111005 -0.085241 -0.914609
123 104 74
2 0 5972 544.20 -106.89 5 5656 502.31 -135.17
0.082149 -0.094540 -0.880603
209 212 211
2 0 5978 439.43 -155.32 2 6517 444.94 -212.63
-0.061010 -0.090856 -0.822474
108 82 65
3 0 5980 -476.50 -197.58 2 6267 -347.14 -125.38 5 5712 -480.93 -337.89
-0.055969 -0.093594 -0.824039
105 78 61
3 0 5982 -444.32 -211.86 5 5714 -441.43 -352.03 7 6207 -513.38 -346.97
-0.057132 -0.107824 -0.808962
118 91 64
3 0 5998 -552.99 -320.02 2 6284 -411.46 -212.76 1 6376 -363.93 -93.75
-0.045667 -0.111107 -0.808895
116 89 62
3 0 6001 -491.18 -344.95 1 6126 -348.97 -123.36 3 5977 -467.85 -224.08
-0.053653 -0.111618 -0.805901
117 87 61
3 0 6053 -558.56 -353.31 2 6422 -419.38 -237.17 1 6380 -380.67 -111.17
0.011433 0.129230 -1.043147
89 91 88
2 0 6062 91.38 278.39 7 6215 89.75 335.19
0.079740 -0.110165 -0.867554
79 63 47
2 0 6084 464.48 -252.14 2 6490 437.53 -306.98
0.023577 0.075521 -1.034579
42 40 35
2 0 6098 125.61 193.76 7 6272 117.18 227.35
-0.025837 0.163554 -1.003684
27 26 32
2 8 109 104.45 291.10 3 1750 442.27 154.80
0.000437 -0.019082 -0.853968
109 109 98
2 8 289 -55.85 129.04 4 401 -42.20 98.66
-0.016752 0.146995 -0.976509
33 35 30
2 8 1337 102.27 311.89 6 406 -135.47 142.29
-0.031478 0.169148 -1.004787
33 33 31
2 8 1369 93.92 295.51 4 1144 -260.92 341.44
0.091622 0.043243 -1.036616
141 142 147
2 8 1677 430.11 50.18 7 1690 287.65 157.62
0.046987 0.000676 -0.971335
204 205 207
2 8 1776 282.61 1.08 7 3077 174.43 83.49
0.075872 -0.015825 -0.943732
182 168 54
3 8 1782 395.85 -7.71 4 445 188.47 82.11 6 681 193.07 -69.46
0.058740 -0.013795 -0.949277
62 54 23
3 8 1790 321.52 -13.83 1 3332 530.84 -12.35 7 645 217.07 50.69
-0.029002 -0.049419 -0.845364
111 112 116
2 8 1803 -243.90 -22.08 2 565 -127.23 44.24
-0.022144 0.080324 -1.008107
26 27 24
2 8 2665 108.01 129.41 1 2999 368.79 189.87
0.095498 0.039324 -1.033046
127 132 143
2 8 2794 444.08 45.90 7 2948 299.65 151.05
-0.030573 -0.049900 -0.844980
132 133 135
2 8 2884 -252.40 -24.05 2 1948 -134.51 41.82
0.044649 -0.023089 -0.943747
213 214 218
2 8 2909 262.73 -43.90 1 4415 451.11 -29.41
0.052257 -0.024338 -0.946134
211 210 214
2 8 2917 295.61 -49.82 1 4435 486.39 -43.25
0.063093 -0.026020 -0.950470
210 209 207
3 8 2934 343.99 -59.17 1 4467 539.29 -64.71 3 5217 511.18 -283.94
-0.010646 0.073848 -1.017282
55 51 48
2 8 3683 141.08 109.02 4 3375 -138.30 146.50
0.043746 0.019677 -0.987983
224 220 213
2 8 3746 274.91 33.54 7 5362 165.72 128.08
-0.026435 -0.054638 -0.840283
132 133 135
2 8 3816 -259.12 -39.40 1 3166 -60.84 64.28
-0.022570 -0.056438 -0.846389
92 93 79
2 8 3840 -220.26 -59.28 1 3206 -33.13 41.99
-0.024300 -0.055419 -0.867683
137 137 125
2 8 3859 -154.27 -90.15 6 4002 -255.92 -170.38
-0.009246 -0.081820 -0.834842
94 98 101
2 8 3977 -242.57 -201.24 7 4451 -187.49 -267.39
0.084709 -0.094763 -0.880288
101 85 103
2 8 4120 528.42 -375.89 2 3496 461.11 -216.46
0.066621 -0.035289 -0.941172
212 213 215
3 8 4521 361.02 -83.50 1 5770 541.51 -93.70 3 6009 499.96 -313.70
-0.091298 -0.068767 -0.842047
119 89 61
2 8 4542 -510.92 -128.11 5 5706 -548.55 -208.46
-0.041857 -0.096738 -0.824811
82 59 53
2 8 4634 -483.80 -287.80 3 3568 -350.40 -201.62
0.093940 -0.088149 -0.891486
82 65 49
2 8 4664 587.95 -331.63 2 4426 510.33 -184.60
0.078847 -0.102562 -0.891863
131 100 80
2 8 4741 477.50 -436.01 1 5507 486.03 -420.58
-0.042166 0.079597 -0.942299
37 36 34
2 8 4825 -4.48 215.13 1 5593 254.07 291.01
0.097312 0.037442 -1.029288
63 59 60
2 8 4918 450.92 46.13 7 4791 306.63 149.47
-0.072962 -0.027633 -0.869802
43 43 45
2 8 4934 -300.22 8.44 7 4856 -366.06 43.67
-0.041596 -0.100642 -0.823129
96 73 57
2 8 5092 -501.98 -315.55 7 5894 -442.48 -409.45
0.017838 -0.062336 -0.877798
117 120 103
2 8 5364 61.54 -137.94 3 6276 57.61 -229.44
0.115085 -0.003944 -0.987717
121 100 72
2 8 5526 552.27 -16.65 7 5388 390.04 64.26
0.088276 -0.097557 -0.888916
115 91 65
2 8 5588 554.57 -400.72 2 6090 479.85 -233.47
-0.029616 0.167330 -1.002830
78 80 77
3 2 45 125.88 391.65 3 1736 434.70 161.28 6 440 -150.08 125.32
-0.019234 0.164104 -1.003395
21 23 22
3 2 46 147.50 390.44 1 1381 434.19 380.38 3 1741 459.16 159.59
-0.019328 0.164271 -1.003561
21 23 22
4 2 47 147.50 390.44 1 1382 434.19 380.38 3 1742 459.16 159.59 6 442 -128.70 124.79
-0.027430 0.165916 -1.006429
6 8 5
4 2 58 132.26 384.97 1 1390 415.32 374.97 5 1248 -95.60 349.80 4 2211 -248.24 335.06
-0.023055 0.162899 -1.005347
14 15 18
2 2 62 140.44 383.44 3 1753 450.59 152.36
-0.018990 0.162246 -1.006424
24 25 27
4 2 63 149.89 382.78 1 1394 434.98 371.08 3 472 461.80 151.35 6 451 -126.01 118.02
-0.013952 0.160073 -1.006549
69 71 70
2 2 64 160.43 381.72 1 41 447.61 368.26
-0.052313 0.084945 -0.974608
54 45 38
2 2 172 43.97 256.27 1 1511 267.04 246.53
-0.011074 0.075892 -1.006247
50 50 50
2 2 250 159.10 215.66 1 3009 394.41 182.51
-0.050190 0.064161 -0.983900
82 76 64
2 2 280 53.53 202.44 1 1592 264.22 185.72
0.030234 0.049322 -1.011682
202 201 197
3 2 368 261.95 164.75 1 1724 503.95 106.78 3 3411 535.53 -107.44
0.043823 -0.016573 -0.952873
209 210 212
2 2 533 278.18 56.82 7 1910 163.76 38.53
0.074435 -0.022543 -0.949344
84 104 100
2 2 559 387.34 45.84 7 1949 275.12 21.56
-0.078608 -0.055215 -0.842241
125 132 129
2 2 610 -302.96 18.59 3 2086 -226.26 -76.27
0.019543 -0.060863 -0.886268
57 58 53
2 2 736 130.38 -37.83 6 881 9.00 -184.62
-0.028157 0.159252 -1.009630
46 48 45
2 2 1484 132.04 368.17 1 51 410.73 355.42
0.072563 -0.006116 -0.944615
62 62 25
2 2 1834 378.95 105.13 3 4447 578.39 -190.38
-0.028968 0.170235 -1.000687
26 28 25
2 2 2720 125.87 400.79 4 2180 -258.68 351.78
-0.012800 0.093715 -1.022687
57 57 55
2 2 2868 166.33 234.19 1 5033 413.43 198.75
-0.004646 0.079389 -1.016652
23 19 16
2 2 2893 179.91 213.20 1 3019 422.21 176.37
0.044694 0.038708 -1.010689
203 189 174
2 2 2983 298.67 145.36 1 4270 548.14 75.49
0.037171 0.030416 -0.997785
199 178 164
2 2 2996 274.09 136.72 1 3155 507.85 71.99
0.070138 -0.015793 -0.946424
213 189 109
2 2 3091 370.52 70.41 1 3352 585.10 -23.94
-0.086782 -0.051498 -0.837062
43 43 43
2 2 3144 -342.03 30.65 4 3772 -555.36 -253.19
0.070446 0.118604 -1.013781
26 26 28
2 2 3928 370.07 336.15 7 3813 232.60 360.16
0.036728 0.057750 -1.015382
112 96 80
2 2 4069 278.95 182.58 1 5076 535.83 121.69
0.029150 0.079372 -1.071340
116 104 88
2 2 4093 276.81 169.78 1 5087 546.40 102.83
-0.027012 -0.051964 -0.842596
180 181 183
2 2 4232 -127.64 37.54 7 4909 -259.27 -74.30
0.032244 -0.029525 -0.930737
209 210 214
3 2 4239 225.68 34.66 1 5179 376.59 -25.70 3 5175 319.30 -221.64
0.034511 -0.030062 -0.931250
211 212 214
2 2 4243 233.62 32.52 1 5181 386.64 -30.26
0.036747 -0.030529 -0.930919
209 210 212
2 2 4245 241.43 31.67 1 5187 395.39 -33.27
-0.035408 -0.101634 -0.823017
122 94 72
2 2 4433 -259.09 -189.32 5 5172 -304.47 -397.92
-0.013163 0.122194 -1.033627
65 67 64
2 2 4820 173.44 275.32 1 5610 438.76 245.46
-0.053505 0.083346 -0.983580
41 33 22
2 2 4851 49.23 241.79 1 5621 271.40 229.00
-0.053505 0.083346 -0.983580
41 33 22
2 2 4852 49.23 241.79 1 5622 271.40 229.00
-0.023110 0.085787 -1.014694
149 150 154
2 2 4867 138.51 223.70 1 5036 374.84 191.62
-0.015754 0.054368 -0.999461
52 40 28
2 2 4891 141.91 175.75 1 5664 359.37 140.67
0.091409 -0.046987 -0.938518
205 208 213
2 2 5025 462.63 -29.24 7 5442 350.49 -64.81
0.081259 -0.067199 -0.910898
112 86 55
2 2 5056 425.59 -90.59 7 5478 332.56 -151.62
-0.097301 -0.086373 -0.811338
97 68 44
2 2 5057 -504.50 -91.25 1 4327 -376.61 26.11
-0.047923 -0.094096 -0.826331
104 85 59
2 2 5106 -287.23 -146.54 7 5874 -456.90 -348.96
-0.042430 -0.101377 -0.822318
123 97 74
2 2 5133 -289.29 -185.49 7 5895 -451.46 -415.56
-0.042761 -0.115559 -0.805805
134 106 80
2 2 5224 -380.88 -269.20 1 5280 -369.65 -145.36
-0.026245 -0.126770 -0.801751
110 90 68
2 2 5298 -344.47 -363.20 1 4624 -386.95 -233.58
-0.001747 -0.130356 -0.808864
108 79 55
2 2 5348 -188.53 -413.01 1 5419 -292.76 -326.49
-0.001956 -0.131629 -0.807626
112 86 63
2 2 5359 -196.66 -424.48 1 5428 -304.64 -333.80
-0.002352 0.113645 -1.049312
60 62 58
2 2 5462 202.20 241.60 3 6250 519.19 -4.67
0.017548 0.045073 -1.004793
50 46 44
2 2 5524 225.23 158.65 1 5682 455.92 106.66
0.033429 -0.001130 -0.961205
202 149 119
3 2 5580 247.04 91.96 1 6063 442.20 29.25 3 5959 422.61 -176.71
0.060433 -0.019195 -0.956295
195 195 183
3 2 5600 335.23 48.19 1 6367 537.45 -44.71 5 4976 200.93 38.59
0.095866 -0.051115 -0.940992
135 139 142
2 2 5650 485.12 -47.82 6 3991 311.58 -156.91
-0.039997 -0.099953 -0.824196
118 94 71
3 2 5707 -270.12 -179.54 5 5580 -331.39 -385.82 7 6050 -426.87 -401.15
0.081718 -0.102400 -0.878166
101 74 47
2 2 5761 445.05 -257.54 1 6265 489.34 -437.68
-0.042680 -0.128224 -0.792525
101 80 59
2 2 5849 -474.25 -363.66 1 5313 -477.40 -197.30
-0.007874 -0.127916 -0.808990
101 74 47
2 2 5869 -218.37 -386.07 1 5877 -302.56 -292.68
0.000029 0.051853 -0.999028
201 201 194
3 2 5975 178.52 175.40 1 6025 403.42 134.02 3 5920 419.43 -72.18
-0.021294 -0.073597 -0.853534
163 167 153
2 2 6049 -91.41 -71.19 4 5148 -53.31 -227.49
-0.111661 -0.086782 -0.806526
108 83 54
2 2 6050 -567.36 -87.65 1 5711 -416.23 39.08
-0.066324 -0.101887 -0.809076
58 47 40
2 2 6072 -436.18 -176.29 1 6091 -366.81 -55.55
-0.062057 -0.110091 -0.803760
112 82 58
2 2 6089 -458.28 -223.41 1 5768 -402.46 -89.80
-0.043278 -0.120022 -0.801457
89 61 47
2 2 6117 -411.80 -299.23 1 6139 -404.86 -162.35
-0.024289 -0.126335 -0.803404
81 60 38
3 2 6147 -325.80 -360.36 1 6178 -372.15 -237.81 3 6011 -554.24 -320.04
-0.026577 -0.132438 -0.796731
92 64 50
2 2 6165 -382.45 -410.48 1 6191 -434.79 -263.07
-0.015055 -0.131394 -0.801757
70 54 39
2 2 6166 -295.53 -412.95 1 5875 -374.74 -289.45
-0.022843 0.159519 -1.006805
82 84 81
2 2 6185 141.45 375.23 1 6458 423.25 363.12
0.125951 0.103819 -1.113694
169 182 162
2 2 6213 500.38 202.06 7 6085 335.65 233.64
-0.084001 -0.069976 -0.834992
124 89 59
3 2 6254 -354.20 -35.80 4 5371 -517.27 -389.06 7 6133 -579.98 -168.64
-0.060442 -0.109150 -0.805223
130 106 74
2 2 6288 -443.63 -218.80 1 6374 -390.48 -89.48
-0.038737 -0.122868 -0.800313
109 84 61
2 2 6308 -403.00 -323.41 1 6148 -410.00 -184.21
-0.030250 -0.124519 -0.802597
79 60 38
2 2 6317 -355.40 -341.62 1 6158 -384.46 -212.94
-0.011226 -0.124410 -0.811108
119 90 58
2 2 6324 -222.39 -354.04 1 6416 -290.15 -263.81
-0.026588 -0.127723 -0.800029
75 54 37
2 2 6329 -356.71 -372.70 1 6177 -400.36 -235.58
-0.015545 -0.128629 -0.804213
79 57 43
2 2 6335 -281.81 -387.71 1 6418 -352.85 -272.70
-0.031142 -0.130338 -0.795419
87 61 42
2 2 6337 -408.59 -390.94 1 6176 -445.45 -237.13
-0.018227 -0.131978 -0.799896
94 73 54
2 2 6343 -322.59 -415.41 1 6420 -395.57 -283.38
-0.028074 -0.132871 -0.793383
98 70 48
2 2 6345 -410.80 -417.42 1 6413 -460.41 -258.27
-0.000389 0.083275 -1.029224
97 81 56
2 2 6383 196.22 210.06 1 6571 444.39 167.10
0.057266 -0.021175 -0.952508
185 184 180
2 2 6401 324.04 44.50 1 6584 517.76 -43.91
-0.061789 -0.088686 -0.825833
78 60 47
2 2 6410 -334.69 -116.26 7 6237 -532.04 -305.68
-0.095381 -0.095700 -0.804547
124 94 60
2 2 6412 -543.17 -132.21 1 6354 -419.39 -0.31
-0.064183 -0.107346 -0.804240
129 102 73
2 2 6417 -459.80 -207.12 1 6371 -397.35 -74.64
-0.007488 -0.125950 -0.811306
133 102 73
3 2 6443 -203.78 -370.09 1 6520 -282.92 -283.67 3 6191 -506.97 -372.66
-0.012276 -0.129788 -0.804990
79 57 43
2 2 6449 -262.59 -399.50 1 6522 -343.40 -289.65
-0.008864 -0.130558 -0.805449
76 53 38
2 2 6452 -243.33 -409.64 1 6526 -333.94 -304.37
-0.103370 -0.081830 -0.815447
103 76 50
2 2 6546 -497.80 -71.88 1 6638 -362.02 38.06
-0.084427 -0.053128 -0.845651
89 89 87
2 1 400 -182.90 82.10 3 2078 -218.04 -73.41
0.040271 -0.013592 -0.953271
210 214 215
2 1 587 450.31 -5.49 3 2356 421.77 -211.44
0.020416 -0.040908 -0.915770
209 210 212
2 1 652 295.25 -38.45 3 2378 219.73 -225.78
0.048692 -0.028511 -0.941678
211 216 222
2 1 686 461.70 -49.99 3 2438 416.47 -257.89
0.048692 -0.028511 -0.941678
211 216 222
2 1 687 461.70 -49.99 3 2439 416.47 -257.89
0.062210 -0.022165 -0.954484
202 202 189
2 1 696 541.67 -54.52 3 2470 518.82 -273.36
-0.045104 0.218506 -1.045098
25 27 27
2 1 1349 426.57 403.66 3 435 471.13 173.82
-0.003118 0.140170 -0.970054
29 34 38
2 1 1356 444.05 400.92 3 1720 447.65 180.30
-0.015022 0.161093 -1.011017
16 18 15
2 1 1403 447.61 362.80 6 462 -115.21 111.43
-0.026710 -0.058466 -0.842285
37 41 27
2 1 1830 -61.63 42.97 6 3053 -341.88 -123.15
0.032531 -0.003821 -0.959123
221 199 175
2 1 1864 433.54 23.38 3 3539 412.68 -180.44
0.043563 -0.013966 -0.955332
211 219 209
2 1 1971 465.50 -11.80 3 3589 439.60 -219.94
0.037998 -0.034661 -0.929963
191 192 197
2 1 2052 395.00 -48.54 3 2422 333.16 -247.72
0.010087 -0.068571 -0.863395
71 69 56
2 1 2091 109.19 -68.36 3 4479 -32.34 -219.18
-0.016167 0.163333 -1.004321
13 15 11
4 1 2800 442.84 378.20 5 1236 -72.35 354.19 3 3066 467.43 158.20 6 1606 -121.70 124.00
0.014602 0.086051 -1.053234
95 81 73
2 1 3062 501.25 141.88 3 3354 555.17 -76.08
0.010785 -0.003050 -0.950304
108 87 60
2 1 3196 345.10 47.55 3 3490 318.16 -147.62
0.030754 -0.012749 -0.947984
213 217 218
2 1 3297 407.48 10.40 3 4445 373.40 -189.91
0.053463 -0.024065 -0.948087
204 208 209
2 1 3388 493.73 -45.90 3 4512 458.89 -257.38
0.040817 -0.041839 -0.923560
153 154 156
2 1 3441 391.71 -70.71 3 4525 318.35 -269.51
0.062373 -0.030111 -0.947944
206 208 207
2 1 3453 530.33 -76.63 3 4559 496.69 -296.85
0.062373 -0.030111 -0.947944
206 208 207
2 1 3454 530.33 -76.63 3 4560 496.69 -296.85
0.049040 -0.041962 -0.927679
212 216 217
2 1 3473 434.71 -84.94 3 4549 365.97 -290.26
0.063868 -0.046141 -0.929282
148 152 150
2 1 3535 506.87 -121.69 3 5258 440.57 -339.65
-0.018395 0.069248 -0.997394
6 8 5
2 1 4189 362.17 178.88 3 4249 380.77 -24.86
0.065049 -0.002206 -0.943510
139 138 125
4 1 4309 571.21 37.33 5 1597 206.72 106.59 3 4415 538.18 -163.85 7 1797 241.62 95.18
0.059046 -0.025135 -0.950218
204 206 203
2 1 4458 520.69 -57.26 3 5213 490.01 -273.86
0.071581 -0.045887 -0.934170
204 208 209
2 1 4540 553.18 -136.40 3 5755 498.47 -364.51
0.067571 -0.061669 -0.913906
127 108 72
2 1 4576 494.82 -182.38 3 5310 395.01 -401.96
-0.004423 0.082436 -1.022867
77 67 49
2 1 5044 428.76 174.23 3 5031 461.83 -35.71
0.016140 0.074454 -1.043302
111 95 77
2 1 5070 493.62 128.12 3 5071 541.79 -89.11
0.014079 0.023252 -0.981378
201 204 211
2 1 5099 409.97 80.88 3 5091 411.93 -124.21
0.028415 -0.035474 -0.923454
210 211 215
2 1 5188 345.12 -35.10 3 5177 277.63 -227.07
0.060754 -0.025587 -0.950141
206 210 207
2 1 5208 528.44 -60.58 3 5718 498.34 -277.88
0.038746 -0.023139 -0.940802
209 213 214
2 1 5731 422.66 -20.70 3 5974 377.40 -222.95
0.068517 -0.026149 -0.954397
190 198 201
2 1 5763 569.04 -75.46 3 6004 548.91 -300.68
0.067496 -0.037949 -0.940271
141 145 148
2 1 5777 543.35 -104.94 3 6178 499.11 -326.90
0.033826 -0.001574 -0.960422
204 156 142
2 1 6062 442.20 29.25 3 5958 422.61 -176.71
0.052053 -0.035203 -0.935814
126 129 138
2 1 6106 464.90 -71.33 3 6167 410.18 -280.04
0.067543 -0.037969 -0.940162
143 147 150
2 1 6122 543.53 -104.89 3 6177 499.11 -326.90
0.062402 -0.003620 -0.943754
48 51 50
2 1 6349 556.66 33.31 3 6139 522.30 -168.99
0.016681 -0.043452 -0.907749
117 86 63
2 1 6363 264.67 -34.60 3 6273 181.68 -215.20
0.016681 -0.043452 -0.907749
117 86 63
2 1 6364 264.67 -34.60 3 6274 181.68 -215.20
-0.035279 -0.106677 -0.818206
140 117 85
2 1 6589 -272.45 -128.13 3 6279 -406.16 -238.78
-0.019381 0.159594 -0.999963
51 52 54
2 1 6670 428.60 376.72 3 6430 452.00 156.99
-0.103591 -0.073145 -0.790338
187 189 188
2 1 6678 -446.59 116.56 3 6434 -446.89 -18.86
-0.027461 0.166408 -1.004358
71 73 75
3 5 75 -96.94 353.71 3 457 440.92 158.40 4 1149 -250.10 339.03
-0.015528 0.161215 -1.006793
28 29 31
4 5 82 -68.71 347.19 3 1756 470.29 150.30 4 69 -217.61 333.09 6 453 -118.46 117.68
0.071282 0.067921 -1.049046
58 55 36
2 5 336 164.33 162.55 4 2410 44.42 161.62
0.013108 0.039287 -0.986754
196 196 196
2 5 386 33.04 135.00 4 1407 -58.28 120.45
-0.028008 -0.051880 -0.842091
114 118 121
2 5 735 -218.00 -47.87 4 786 -143.32 -112.98
-0.023088 0.166449 -1.003718
39 40 40
2 5 1230 -88.11 357.35 4 1142 -240.32 343.06
0.127632 0.129706 -1.114643
179 180 166
2 5 1361 237.85 231.87 4 2303 85.80 234.47
0.197411 0.368796 -1.542981
141 142 136
2 5 1366 201.30 227.54 4 3276 11.68 229.60
0.126126 0.115141 -1.120789
84 84 76
3 5 1414 239.78 203.05 4 1276 91.83 206.53 6 597 180.23 -18.45
-0.016550 0.075542 -1.003848
29 31 27
2 5 1454 -46.31 181.55 7 1525 8.06 251.13
0.069682 0.082406 -1.061162
29 31 26
2 5 1456 153.58 178.00 4 2392 28.00 175.03
-0.040772 0.066251 -0.985119
33 28 24
2 5 1477 -112.85 168.66 4 2452 -222.42 140.72
-0.012108 0.069693 -1.013492
29 25 22
2 5 1502 -28.99 160.54 4 329 -139.79 140.98
0.100049 0.035435 -1.028995
132 128 109
2 5 1568 251.70 129.64 7 2960 314.27 144.68
0.061832 0.000149 -0.944137
136 135 136
2 5 1590 194.87 110.54 7 3047 228.75 103.01
0.076868 -0.008628 -0.943135
39 35 23
3 5 1623 251.99 95.84 6 1770 186.83 -47.73 7 3090 286.48 73.68
0.118662 -0.057699 -0.940616
164 167 172
2 5 1840 453.89 -35.62 4 596 377.12 8.10
0.064508 0.081675 -0.921889
113 113 114
2 5 2349 145.32 385.67 7 3774 246.62 422.68
-0.030994 0.168734 -0.998940
93 94 96
2 5 2364 -108.78 363.35 4 3193 -263.64 351.18
-0.043717 0.083935 -0.944662
88 89 84
2 5 2463 -160.97 264.91 6 498 -218.42 75.60
0.362778 0.309252 -1.548505
129 129 120
2 5 2511 361.69 212.76 7 2732 490.02 275.09
0.112314 0.123577 -1.123117
69 62 44
2 5 2520 211.27 208.14 7 3903 301.83 261.34
0.084807 0.095926 -1.087655
123 120 103
2 5 2544 176.19 183.99 4 2381 41.98 182.72
-0.050078 0.069826 -0.983190
171 171 163
2 5 2560 -137.88 174.21 4 2444 -251.39 143.05
0.156838 0.090292 -1.127916
130 120 95
2 5 2565 305.58 169.81 4 1324 154.36 178.89
-0.006560 0.022071 -0.942966
81 72 59
2 5 2615 -35.31 129.23 4 2508 -105.17 107.30
0.017894 0.026826 -0.976843
68 68 68
2 5 2628 48.33 117.69 4 2512 -34.55 105.03
0.016920 0.024857 -0.982908
176 178 177
2 5 2644 48.55 106.92 4 3453 -35.15 91.95
0.055718 0.000543 -0.950154
48 47 26
2 5 2651 172.98 100.38 7 4090 205.91 98.86
0.020685 0.020078 -0.979173
214 193 179
2 5 2652 59.87 100.02 4 2550 -20.57 88.05
0.155018 -0.017228 -1.010894
95 77 56
2 5 2741 446.00 51.50 6 4927 393.21 -115.00
0.040842 -0.022382 -0.942742
215 216 221
2 5 2779 141.06 28.41 7 4185 153.39 24.36
-0.068358 -0.016318 -0.900707
37 24 17
2 5 2802 -274.75 12.41 4 2755 -321.23 -54.38
-0.068994 -0.019188 -0.895007
37 24 15
2 5 2808 -286.93 7.09 7 4143 -288.54 58.35
-0.060211 -0.022734 -0.895222
91 77 67
2 5 2821 -254.50 0.08 4 2774 -287.07 -63.91
0.050786 -0.055277 -0.933056
137 115 88
2 5 2870 201.13 -62.20 3 5281 363.93 -373.15
0.061619 -0.067535 -0.905756
101 74 55
2 5 2901 271.81 -92.62 7 4335 242.68 -152.02
0.076923 -0.102854 -0.875495
92 80 84
2 5 3080 435.04 -248.87 7 4537 351.36 -373.31
0.068283 0.095004 -0.949222
32 31 29
2 5 3393 147.83 362.05 7 4625 249.53 408.12
0.172870 0.127580 -1.095000
139 140 122
2 5 3471 331.73 269.33 4 2258 167.70 273.35
0.159238 0.120048 -1.105496
226 230 230
2 5 3508 304.77 238.76 7 4702 412.54 277.50
0.096486 0.176674 -1.182432
124 116 102
2 5 3516 159.07 228.41 7 5239 256.14 301.38
0.056114 0.105491 -1.077534
80 80 78
2 5 3555 117.63 196.88 7 5268 191.70 258.11
0.180961 0.075059 -1.106889
107 101 90
2 5 3574 370.46 171.26 7 3988 464.98 187.60
0.024231 0.046177 -1.008178
74 76 73
2 5 3603 63.69 134.33 4 3396 -35.82 123.44
-0.030830 0.034904 -0.961354
170 172 167
2 5 3615 -95.90 126.55 7 3992 -62.57 185.16
0.008345 0.028600 -0.983660
94 88 74
2 5 3633 24.31 110.27 4 4144 -61.10 93.04
0.047707 0.025498 -0.997134
215 213 208
2 5 3634 131.84 110.47 7 4044 176.06 137.46
0.070320 -0.016866 -0.944348
202 189 91
2 5 3685 235.55 63.97 4 3484 173.54 73.18
-0.029914 -0.052122 -0.841985
140 144 147
2 5 3772 -228.54 -51.12 4 3668 -154.67 -118.70
-0.020094 -0.050766 -0.872415
132 135 128
2 5 3778 -118.76 -63.27 7 4907 -151.31 -69.15
0.000065 -0.058983 -0.874176
140 143 136
2 5 3805 -17.90 -85.53 7 4301 -56.95 -111.97
0.086146 -0.095062 -0.888214
108 89 89
3 5 3904 447.64 -196.81 6 4617 432.27 -275.96 7 2415 385.64 -310.73
0.083143 0.100224 -1.089130
55 49 50
2 5 4288 170.99 189.16 4 4047 35.78 187.62
0.115413 0.099529 -1.103004
140 125 110
2 5 4289 232.04 188.48 7 5707 315.93 232.38
0.184260 0.070638 -1.110353
56 54 28
2 5 4319 376.69 162.19 7 5329 470.93 176.01
0.014714 0.063666 -1.018432
112 97 89
2 5 4321 36.59 157.55 4 3379 -71.72 142.57
0.043211 0.043463 -1.015449
93 96 97
2 5 4343 111.91 131.20 4 4106 10.21 124.96
0.043211 0.043463 -1.015449
93 96 97
2 5 4344 111.91 131.20 4 4107 10.21 124.96
0.047139 0.028240 -0.997930
159 145 129
2 5 4361 128.55 115.73 4 4120 36.17 111.93
-0.001509 0.029444 -0.984933
116 100 85
2 5 4372 -1.43 105.87 3 5632 373.62 -107.97
0.072055 -0.008086 -0.942600
76 75 73
2 5 4382 235.65 94.77 6 3857 170.55 -49.24
0.068841 -0.011868 -0.945050
235 220 135
3 5 4398 226.39 77.48 6 4491 163.50 -66.66 7 4840 255.99 60.68
0.041919 -0.018629 -0.946878
207 208 213
2 5 4430 140.90 37.29 7 5782 158.38 34.88
-0.059262 -0.020600 -0.898610
81 56 36
2 5 4452 -245.22 5.87 4 4247 -280.86 -56.66
-0.070434 -0.025860 -0.886955
70 53 40
2 5 4458 -308.41 -11.57 7 5402 -314.28 36.87
0.087802 -0.068037 -0.916017
137 113 87
2 5 4493 374.37 -80.72 4 4231 339.74 -43.30
0.120985 -0.082874 -0.917087
125 107 83
2 5 4521 539.78 -117.92 7 5842 519.29 -229.78
-0.039817 -0.101290 -0.823075
81 60 44
2 5 4733 -334.88 -398.89 7 5158 -431.44 -414.34
0.175307 0.412241 -1.512445
183 187 164
2 5 4853 175.80 270.75 7 5213 297.10 372.02
0.144796 0.129008 -1.097665
175 177 155
2 5 4857 275.22 255.29 7 4684 384.05 300.60
0.066894 0.139447 -1.126514
62 50 38
2 5 4871 126.02 211.41 7 6076 209.66 281.33
-0.023910 0.043897 -0.959669
200 199 194
2 5 4901 -81.83 156.38 4 4582 -171.83 129.06
-0.032155 0.051009 -0.972327
29 27 28
2 5 4902 -96.47 153.32 4 4589 -194.47 125.16
-0.029583 0.046112 -0.967556
49 48 43
2 5 4907 -91.75 149.18 4 4592 -185.77 119.88
0.015917 0.031941 -0.985037
43 43 41
2 5 4925 43.08 120.31 4 4603 -44.36 107.44
0.127941 -0.041007 -0.961703
128 110 86
2 5 4988 440.57 9.59 4 4192 346.33 47.03
0.052148 -0.035534 -0.934441
135 134 139
2 5 4994 190.58 0.66 7 5794 195.81 -20.17
0.052148 -0.035534 -0.934441
135 134 139
2 5 4995 190.58 0.66 7 5795 195.81 -20.17
0.067081 -0.038281 -0.938452
129 133 136
2 5 5001 245.24 -1.96 7 5798 251.75 -31.52
0.089195 -0.091472 -0.895165
121 99 76
2 5 5061 444.49 -175.96 7 6034 391.96 -283.67
-0.086218 -0.067919 -0.834764
103 77 54
2 5 5068 -558.62 -198.90 4 5005 -540.13 -379.32
0.079565 -0.101241 -0.878860
95 72 56
2 5 5092 440.02 -236.23 7 5880 362.71 -358.80
-0.070134 -0.085963 -0.825560
93 74 63
2 5 5132 -521.37 -307.26 7 5551 -576.51 -284.80
-0.043969 -0.100749 -0.822410
110 84 67
2 5 5173 -367.25 -399.71 7 5614 -459.16 -409.69
0.146088 0.097976 -1.099496
162 167 144
2 5 5278 292.20 202.63 4 4866 142.84 210.00
0.169794 0.065802 -1.113540
105 95 70
2 5 5290 349.08 145.03 4 4071 198.76 161.15
0.005069 0.045052 -0.993302
213 214 209
2 5 5292 12.42 136.64 4 4893 -82.99 120.68
0.168963 0.021088 -1.056946
123 110 91
2 5 5302 410.57 106.68 4 4579 269.51 132.70
0.091831 -0.011813 -0.956274
88 115 163
2 5 5312 296.90 80.96 7 5777 333.85 55.25
0.054392 -0.011158 -0.961069
137 134 129
2 5 5318 174.16 53.73 6 4917 117.34 -102.85
0.038012 -0.033151 -0.929870
122 123 128
2 5 5330 139.51 2.75 7 5998 141.40 -9.34
0.088183 -0.097526 -0.885740
122 97 65
2 5 5379 468.08 -207.62 7 5868 401.49 -329.56
0.059569 0.098716 -1.072104
16 15 11
2 5 5497 125.87 192.17 7 6082 200.76 249.01
0.554526 0.221250 -1.671372
101 86 55
2 5 5510 516.06 133.72 4 4881 290.43 165.20
0.717559 0.355483 -1.904074
137 126 94
2 5 5694 526.53 174.39 4 5211 286.67 200.37
-0.054485 -0.099966 -0.819390
127 101 78
2 5 5717 -455.83 -410.20 7 6210 -539.92 -406.16
0.189363 0.410023 -1.506877
190 193 172
2 5 5722 188.27 275.07 7 6242 313.23 374.28
0.115726 -0.063059 -0.930593
204 205 209
2 5 5744 464.37 -48.89 4 5242 394.59 -4.91
0.115726 -0.063059 -0.930593
204 205 209
2 5 5745 464.37 -48.89 4 5243 394.59 -4.91
-0.047122 -0.059141 -0.852315
21 21 21
2 5 5785 -288.06 -115.54 7 6288 -327.51 -109.95
-0.053510 -0.041720 -0.867798
212 215 224
2 5 5817 -281.87 -46.63 7 6321 -303.18 -23.50
-0.063700 -0.070085 -0.842189
216 219 228
2 5 5838 -405.13 -189.78 7 6330 -447.99 -170.55
-0.029816 0.167692 -1.003053
73 74 75
2 3 1735 434.70 161.28 6 439 -150.08 125.32
0.009803 0.009405 -0.935054
187 187 187
2 4 400 -42.20 98.66 7 473 44.32 134.50
0.006234 0.018821 -0.970585
184 188 188
2 4 448 -59.14 80.45 7 1729 50.59 134.37
-0.120959 -0.002739 -1.004626
94 71 50
2 4 1837 -368.33 -122.72 7 1881 -244.46 53.21
0.078029 -0.006361 -0.943042
50 57 62
2 4 2497 183.36 112.65 7 3080 290.63 81.74
0.076056 -0.012297 -0.941914
187 165 79
3 4 2533 186.84 95.21 6 1789 189.00 -56.74 7 3116 283.86 61.48
0.109390 -0.045275 -0.950710
213 214 219
2 4 2667 316.71 26.01 7 5441 409.25 -61.74
0.085754 -0.064753 -0.919222
116 95 74
2 4 2735 322.05 -37.38 7 4957 343.94 -139.22
-0.001766 -0.086532 -0.848046
121 122 116
2 4 2972 89.45 -263.46 7 1129 -115.98 -285.61
-0.020265 0.164139 -1.005462
9 13 14
2 4 3204 -231.24 337.71 6 2779 -129.21 121.60
0.063264 -0.001764 -0.941770
143 148 142
2 4 3407 135.31 111.94 7 4816 235.41 98.09
-0.040920 0.037143 -0.963339
181 182 177
2 4 3451 -212.85 91.24 6 1780 -187.80 -53.59
-0.067259 -0.017361 -0.896946
46 29 20
2 4 3590 -321.34 -54.33 7 4838 -277.05 63.64
-0.074205 -0.015069 -0.911728
73 58 47
2 4 3612 -328.76 -67.19 7 3109 -269.38 63.63
0.075510 -0.009470 -0.941671
37 34 24
2 4 4129 181.29 102.79 7 4835 281.91 71.56
0.068195 -0.019512 -0.951787
169 157 89
2 4 4184 165.07 55.18 7 4179 250.56 30.75
0.063303 -0.037512 -0.936797
131 132 137
2 4 4661 186.61 10.81 7 6000 238.20 -28.45
0.063303 -0.037512 -0.936797
131 132 137
2 4 4662 186.61 10.81 7 6001 238.20 -28.45
-0.058953 -0.026921 -0.843116
196 197 202
2 4 4679 -379.64 -29.69 7 5389 -403.00 60.76
0.062293 -0.004094 -0.942594
39 42 50
2 4 4898 134.91 103.18 7 5769 231.60 89.31
